--- SUMMARY ---

==1176== NVPROF is profiling process 1176, command: ./TysonModel.exe
==1176== Profiling application: ./TysonModel.exe
==1176== Profiling result:
            Type  Time(%)      Time     Calls       Avg       Min       Max  Name
 GPU activities:  100.00%  141.858s         2  70.9290s  70.6602s  71.1978s  void SingleSystem_PerThread<int=5000, int=6, int=1, int=10, int=0, int=2, int=4, int=0, int=100, Algorithms=1, double>(Struct_ThreadConfiguration, Struct_GlobalVariables<double>, Struct_SharedMemoryUsage, Struct_SolverOptions<double>)
                    0.00%  2.2569ms        27  83.590us     640ns  1.8786ms  [CUDA memcpy HtoD]
                    0.00%  2.1987ms         9  244.30us     672ns  1.8449ms  [CUDA memcpy DtoH]
No API activities were profiled.


--- GENERATE FILE FOR VISUAL PROFILER ---

======== Warning: Skipping profiling on device 0 since profiling is not supported on devices with compute capability 7.5 and higher.
                  Use NVIDIA Nsight Compute for GPU profiling and NVIDIA Nsight Systems for GPU tracing and CPU sampling.
                  Refer https://developer.nvidia.com/tools-overview for more details.

======== Warning: The option --aggregate-mode on has no effect. The --aggregate-mode <on|off> option applies to --events and --metrics options that follow it.
======== Warning: The option --aggregate-mode off has no effect. The --aggregate-mode <on|off> option applies to --events and --metrics options that follow it.
======== Warning: The option --kernels "" has no effect. The --kernels <kernel filter> option applies to --events, --metrics and --source-level-analysis options that follow it.
==1671== NVPROF is profiling process 1671, command: ./TysonModel.exe
==1671== Generated result file: /home/yorunoomo/Scrivania/Tirocinio/Massively-Parallel-GPU-ODE-Solver/Tutorials_SingleSystem_PerThread/Tyson/outputProfile.nvprof


--- SPECIFIC METRICS AND EVENTS ---

======== Warning: Skipping profiling on device 0 since profiling is not supported on devices with compute capability 7.5 and higher.
                  Use NVIDIA Nsight Compute for GPU profiling and NVIDIA Nsight Systems for GPU tracing and CPU sampling.
                  Refer https://developer.nvidia.com/tools-overview for more details.

======== Warning: The option --kernels "" has no effect. The --kernels <kernel filter> option applies to --events, --metrics and --source-level-analysis options that follow it.
==2015== NVPROF is profiling process 2015, command: ./TysonModel.exe
==2015== Profiling application: ./TysonModel.exe
==2015== Profiling result:
No events/metrics were profiled.


