model_0000001( 
	Variables (No bindExpression): {
		elmt_event_0000001.value_elmt_x0
		elmt_compartment_0000001.elmt_x0_amount
		elmt_compartment_0000001.elmt_x0_conc
		elmt_compartment_0000001.elmt_y0_amount
		elmt_compartment_0000001.elmt_y0_conc
		elmt_compartment_0000001.elmt_x2_amount
		elmt_compartment_0000001.elmt_x2_conc
		elmt_compartment_0000001.elmt_y2_amount
		elmt_compartment_0000001.elmt_y2_conc
		elmt_compartment_0000001.elmt_x1_amount
		elmt_compartment_0000001.elmt_x1_conc
		elmt_compartment_0000001.elmt_compartment_0000001
		elmt_compartment_0000001.elmt_event_0000001
		elmt_compartment_0000001.elmt_reaction_0000001
		elmt_compartment_0000001.elmt_reaction_0000002
		elmt_compartment_0000001.elmt_reaction_0000003
		elmt_compartment_0000001.elmt_reaction_0000004
		elmt_compartment_0000001.elmt_reaction_0000005
		elmt_compartment_0000001.elmt_reaction_0000006
		elmt_compartment_0000001.elmt_reaction_0000007
		Reacs.elmt_product0
		Reacs.elmt_product1
		Reacs.elmt_product2
		Reacs.elmt_product3
		Reacs.elmt_reactant4
		Reacs.elmt_reactant5
		Reacs.elmt_reactant6
		Params.elmt_d2x
		Params.elmt_d2y
		Params.elmt_d1
		Params.elmt_b2
		Params.elmt_a1
		Params.elmt_b1
		Params.elmt_a2
		$whenCondition1
	}, Variable (With bindExpression): {
		elmt_compartment_0000001.assign_elmt_x0 -> elmt_event_0000001.value_elmt_x0
		elmt_event_0000001.trigger -> elmt_compartment_0000001.elmt_event_0000001
		Reacs.elmt_reaction_0000001 -> elmt_compartment_0000001.elmt_reaction_0000001
		Reacs.elmt_reaction_0000002 -> elmt_compartment_0000001.elmt_reaction_0000002
		Reacs.elmt_reaction_0000003 -> elmt_compartment_0000001.elmt_reaction_0000003
		Reacs.elmt_reaction_0000004 -> elmt_compartment_0000001.elmt_reaction_0000004
		elmt_compartment_0000001.elmt_product2 -> Reacs.elmt_product2
		elmt_compartment_0000001.elmt_product3 -> Reacs.elmt_product3
		elmt_compartment_0000001.elmt_product0 -> Reacs.elmt_product0
		elmt_compartment_0000001.elmt_product1 -> Reacs.elmt_product1
		elmt_compartment_0000001.elmt_reactant5 -> Reacs.elmt_reactant5
		elmt_compartment_0000001.elmt_reactant6 -> Reacs.elmt_reactant6
		Reacs.elmt_reaction_0000005 -> elmt_compartment_0000001.elmt_reaction_0000005
		Reacs.elmt_reaction_0000006 -> elmt_compartment_0000001.elmt_reaction_0000006
		elmt_compartment_0000001.elmt_reactant4 -> Reacs.elmt_reactant4
		Reacs.elmt_reaction_0000007 -> elmt_compartment_0000001.elmt_reaction_0000007
		elmt_compartment_0000001.elmt_x0 -> elmt_compartment_0000001.elmt_x0_conc
		Reacs.elmt_x0 -> elmt_compartment_0000001.elmt_x0_conc
		elmt_compartment_0000001.elmt_y0 -> elmt_compartment_0000001.elmt_y0_conc
		Reacs.elmt_y0 -> elmt_compartment_0000001.elmt_y0_conc
		Reacs.elmt_d2x -> Params.elmt_d2x
		elmt_compartment_0000001.elmt_x2 -> elmt_compartment_0000001.elmt_x2_conc
		Reacs.elmt_x2 -> elmt_compartment_0000001.elmt_x2_conc
		Reacs.elmt_d2y -> Params.elmt_d2y
		elmt_compartment_0000001.elmt_x1 -> elmt_compartment_0000001.elmt_x1_conc
		Reacs.elmt_x1 -> elmt_compartment_0000001.elmt_x1_conc
		elmt_compartment_0000001.elmt_y2 -> elmt_compartment_0000001.elmt_y2_conc
		Reacs.elmt_y2 -> elmt_compartment_0000001.elmt_y2_conc
		Reacs.elmt_a1 -> Params.elmt_a1
		Reacs.elmt_b2 -> Params.elmt_b2
		Reacs.elmt_b1 -> Params.elmt_b1
		Reacs.elmt_a2 -> Params.elmt_a2
		Reacs.elmt_d1 -> Params.elmt_d1
		Reacs.elmt_compartment_0000001 -> elmt_compartment_0000001.elmt_compartment_0000001
	}, Initial Equations: {
		Params.elmt_a2 = 2.0
		Params.elmt_b1 = 1.0
		Params.elmt_a1 = 2.0
		Params.elmt_b2 = 1.0
		Params.elmt_d1 = 1.0
		Params.elmt_d2y = 1.0
		Params.elmt_d2x = 1.0
		Reacs.elmt_reactant4 = 1.0
		Reacs.elmt_reactant6 = 1.0
		Reacs.elmt_reactant5 = 1.0
		Reacs.elmt_product1 = 1.0
		Reacs.elmt_product0 = 1.0
		Reacs.elmt_product3 = 1.0
		Reacs.elmt_product2 = 1.0
		elmt_compartment_0000001.elmt_compartment_0000001 = 1.0
		elmt_compartment_0000001.elmt_x1_conc = 0.0
		elmt_compartment_0000001.elmt_y2_conc = 0.0
		elmt_compartment_0000001.elmt_x2_conc = 0.0
		elmt_compartment_0000001.elmt_y0_conc = 0.0
		elmt_compartment_0000001.elmt_x0_conc = 1.0
	}, ODE: {
		der(elmt_compartment_0000001.elmt_x2_amount) = elmt_compartment_0000001.elmt_reaction_0000003 * Reacs.elmt_product2 - elmt_compartment_0000001.elmt_reaction_0000006 * Reacs.elmt_reactant5
		der(elmt_compartment_0000001.elmt_y2_amount) = elmt_compartment_0000001.elmt_reaction_0000004 * Reacs.elmt_product3 - elmt_compartment_0000001.elmt_reaction_0000007 * Reacs.elmt_reactant6
		der(elmt_compartment_0000001.elmt_x1_amount) = elmt_compartment_0000001.elmt_reaction_0000002 * Reacs.elmt_product1 + elmt_compartment_0000001.elmt_reaction_0000001 * Reacs.elmt_product0 - elmt_compartment_0000001.elmt_reaction_0000005 * Reacs.elmt_reactant4
	}, Equation: {
		elmt_compartment_0000001.elmt_reaction_0000001 = elmt_compartment_0000001.elmt_compartment_0000001 * Params.elmt_a1 * elmt_compartment_0000001.elmt_x0_conc
		elmt_compartment_0000001.elmt_reaction_0000002 = elmt_compartment_0000001.elmt_compartment_0000001 * Params.elmt_b1 * elmt_compartment_0000001.elmt_y0_conc
		elmt_compartment_0000001.elmt_reaction_0000003 = elmt_compartment_0000001.elmt_compartment_0000001 * elmt_compartment_0000001.elmt_x1_conc * Params.elmt_a2
		elmt_compartment_0000001.elmt_reaction_0000004 = elmt_compartment_0000001.elmt_compartment_0000001 * elmt_compartment_0000001.elmt_x1_conc * Params.elmt_b2
		elmt_compartment_0000001.elmt_reaction_0000005 = elmt_compartment_0000001.elmt_compartment_0000001 * Params.elmt_d1 * elmt_compartment_0000001.elmt_x1_conc
		elmt_compartment_0000001.elmt_reaction_0000006 = elmt_compartment_0000001.elmt_compartment_0000001 * Params.elmt_d2x * elmt_compartment_0000001.elmt_x2_conc
		elmt_compartment_0000001.elmt_reaction_0000007 = elmt_compartment_0000001.elmt_compartment_0000001 * Params.elmt_d2y * elmt_compartment_0000001.elmt_y2_conc
	}, Algorithms: {
		elmt_event_0000001.value_elmt_x0:=0.0
		elmt_compartment_0000001.elmt_x1_conc:=elmt_compartment_0000001.elmt_x1_amount/elmt_compartment_0000001.elmt_compartment_0000001
		elmt_compartment_0000001.elmt_y2_conc:=elmt_compartment_0000001.elmt_y2_amount/elmt_compartment_0000001.elmt_compartment_0000001
		elmt_compartment_0000001.elmt_x2_conc:=elmt_compartment_0000001.elmt_x2_amount/elmt_compartment_0000001.elmt_compartment_0000001
		elmt_compartment_0000001.elmt_y0_conc:=elmt_compartment_0000001.elmt_y0_amount/elmt_compartment_0000001.elmt_compartment_0000001
		elmt_compartment_0000001.elmt_x0_conc:=elmt_compartment_0000001.elmt_x0_amount/elmt_compartment_0000001.elmt_compartment_0000001
		assert(elmt_compartment_0000001.elmt_compartment_0000001>=0.0,"Compartmentsizebecamenegative.Makesurethisisavalidbahaviour.")
	}
)
