2020-10-22 02:45:10,972 - Zeilinger2006_PRR7_PRR9_Y - INFO : Logger <Logger Zeilinger2006_PRR7_PRR9_Y (DEBUG)> creato con successo
2020-10-22 02:45:10,972 - Zeilinger2006_PRR7_PRR9_Y - DEBUG : Creazione dello script "script.mos" e del file XML che descrive il modello
2020-10-22 02:45:17,763 - Zeilinger2006_PRR7_PRR9_Y - INFO : Chiamata a parser.Parser
2020-10-22 02:45:19,867 - Zeilinger2006_PRR7_PRR9_Y - DEBUG : modelica2GPU incomincia a parsare l'XML in input
2020-10-22 02:45:19,868 - Zeilinger2006_PRR7_PRR9_Y - DEBUG : Parsing delle variabili con e senza bindExpression
2020-10-22 02:45:19,869 - Zeilinger2006_PRR7_PRR9_Y - DEBUG : Parsing delle equazioni iniziali, ODE e equazioni algebriche
2020-10-22 02:45:19,890 - Zeilinger2006_PRR7_PRR9_Y - DEBUG : Parsing degli algoritmi
2020-10-22 02:45:19,890 - Zeilinger2006_PRR7_PRR9_Y - DEBUG : Parsing delle funzioni
2020-10-22 02:45:19,891 - Zeilinger2006_PRR7_PRR9_Y - DEBUG : modelica2GPU ha terminato di parsare l'XML in input
2020-10-22 02:45:23,989 - Zeilinger2006_PRR7_PRR9_Y - DEBUG : Iniziata fase di creazione e formattazione dei parametri ACC, sPAR, cPAR e X
2020-10-22 02:45:23,990 - Zeilinger2006_PRR7_PRR9_Y - DEBUG : Formattazione delle equazioni che presentano funzioni esterne
2020-10-22 02:45:23,991 - Zeilinger2006_PRR7_PRR9_Y - DEBUG : Creazione delle variabili ACC
2020-10-22 02:45:23,998 - Zeilinger2006_PRR7_PRR9_Y - DEBUG : Creazione delle variabili X
2020-10-22 02:45:23,999 - Zeilinger2006_PRR7_PRR9_Y - DEBUG : Creazione delle variabili sPAR
2020-10-22 02:45:24,022 - Zeilinger2006_PRR7_PRR9_Y - DEBUG : Creazione delle variabili cPAR
2020-10-22 02:45:24,022 - Zeilinger2006_PRR7_PRR9_Y - DEBUG : Costruzione del campo value di ogni parametro tra ACC, sPAR, cPAR e X
2020-10-22 02:45:24,023 - Zeilinger2006_PRR7_PRR9_Y - DEBUG : Costruzione del campo value di ogni parametro tra ACC, sPAR, cPAR e X
2020-10-22 02:45:24,024 - Zeilinger2006_PRR7_PRR9_Y - DEBUG : Costruzione del campo value di ogni parametro tra ACC, sPAR, cPAR e X
2020-10-22 02:45:24,025 - Zeilinger2006_PRR7_PRR9_Y - DEBUG : Costruzione del campo value di ogni parametro tra ACC, sPAR, cPAR e X
2020-10-22 02:45:24,026 - Zeilinger2006_PRR7_PRR9_Y - DEBUG : terminata fase di creazione e formattazione dei parametri ACC, sPAR, cPAR e X
2020-10-22 02:45:26,078 - Zeilinger2006_PRR7_PRR9_Y - INFO : Chiamata a builder.SystemDefinition
2020-10-22 02:45:28,154 - Zeilinger2006_PRR7_PRR9_Y - DEBUG : Creazione del file di definizione del sistema con tutte le relative funzioni
2020-10-22 02:45:28,154 - Zeilinger2006_PRR7_PRR9_Y - DEBUG : Formatta la stringa per la funzione PerThread_OdeFunction
2020-10-22 02:45:28,155 - Zeilinger2006_PRR7_PRR9_Y - DEBUG : Formatta la stringa per la funzione PerThread_EventFunction
2020-10-22 02:45:28,155 - Zeilinger2006_PRR7_PRR9_Y - DEBUG : Formatta la stringa per la funzione PerThread_ActionAfterEventDetection
2020-10-22 02:45:28,155 - Zeilinger2006_PRR7_PRR9_Y - DEBUG : Formatta la stringa per la funzione PerThread_ActionAfterSuccessfulTimeStep
2020-10-22 02:45:28,156 - Zeilinger2006_PRR7_PRR9_Y - DEBUG : Formatta la stringa per la funzione PerThread_Initialization
2020-10-22 02:45:28,156 - Zeilinger2006_PRR7_PRR9_Y - DEBUG : Formatta la stringa per la funzione PerThread_Finalization 
2020-10-22 02:45:30,229 - Zeilinger2006_PRR7_PRR9_Y - ERROR : Esecuzione terminata in 19.312726259231567ms
