2020-10-30 18:16:54,306 - BouncingBall - INFO : Logger <Logger BouncingBall (DEBUG)> creato con successo
2020-10-30 18:16:54,306 - BouncingBall - INFO : Informazioni dal file di configurazione estrapolate. Riassunto della configurazione 
CONFIGURAZIONE ESTRAPOLATA
xmlfile: /home/yorunoomo/Scrivania/Tirocinio/modelica2MPGOSgpuPython/src/XMLs/BouncingBall.xml
workingdir: /home/yorunoomo/Scrivania/Tirocinio/modelica2MPGOSgpuPython/src
modelname: BouncingBall
notifier: False
filelogger: True
MPGOSsourcedir: /home/yorunoomo/Scrivania/Tirocinio/util/Software/MPGOS/SourceCodes/
DEVICE: GeForce GTX 1660 SUPER
    -------------------------------------------------
    |                                               |
    | ASYNC_ENGINE_COUNT:                         3 |
    | CAN_MAP_HOST_MEMORY:                        1 |
    | CLOCK_RATE:                           1815000 |
    | COMPUTE_CAPABILITY_MAJOR:                   7 |
    | COMPUTE_CAPABILITY_MINOR:                   5 |
    | COMPUTE_MODE:                         DEFAULT |
    | CONCURRENT_KERNELS:                         1 |
    | ECC_ENABLED:                                0 |
    | GLOBAL_L1_CACHE_SUPPORTED:                  1 |
    | GLOBAL_MEMORY_BUS_WIDTH:                  192 |
    | GPU_OVERLAP:                                1 |
    | INTEGRATED:                                 0 |
    | KERNEL_EXEC_TIMEOUT:                        1 |
    | L2_CACHE_SIZE:                        1572864 |
    | LOCAL_L1_CACHE_SUPPORTED:                   1 |
    | MANAGED_MEMORY:                             1 |
    | MAXIMUM_SURFACE1D_LAYERED_LAYERS:        2048 |
    | MAXIMUM_SURFACE1D_LAYERED_WIDTH:        32768 |
    | MAXIMUM_SURFACE1D_WIDTH:                32768 |
    | MAXIMUM_SURFACE2D_HEIGHT:               65536 |
    | MAXIMUM_SURFACE2D_LAYERED_HEIGHT:       32768 |
    | MAXIMUM_SURFACE2D_LAYERED_LAYERS:        2048 |
    | MAXIMUM_SURFACE2D_LAYERED_WIDTH:        32768 |
    | MAXIMUM_SURFACE2D_WIDTH:               131072 |
    | MAXIMUM_SURFACE3D_DEPTH:                16384 |
    | MAXIMUM_SURFACE3D_HEIGHT:               16384 |
    | MAXIMUM_SURFACE3D_WIDTH:                16384 |
    | MAXIMUM_SURFACECUBEMAP_LAYERED_LAYERS:   2046 |
    | MAXIMUM_SURFACECUBEMAP_LAYERED_WIDTH:   32768 |
    | MAXIMUM_SURFACECUBEMAP_WIDTH:           32768 |
    | MAXIMUM_TEXTURE1D_LAYERED_LAYERS:        2048 |
    | MAXIMUM_TEXTURE1D_LAYERED_WIDTH:        32768 |
    | MAXIMUM_TEXTURE1D_LINEAR_WIDTH:     268435456 |
    | MAXIMUM_TEXTURE1D_MIPMAPPED_WIDTH:      32768 |
    | MAXIMUM_TEXTURE1D_WIDTH:               131072 |
    | MAXIMUM_TEXTURE2D_ARRAY_HEIGHT:         32768 |
    | MAXIMUM_TEXTURE2D_ARRAY_NUMSLICES:       2048 |
    | MAXIMUM_TEXTURE2D_ARRAY_WIDTH:          32768 |
    | MAXIMUM_TEXTURE2D_GATHER_HEIGHT:        32768 |
    | MAXIMUM_TEXTURE2D_GATHER_WIDTH:         32768 |
    | MAXIMUM_TEXTURE2D_HEIGHT:               65536 |
    | MAXIMUM_TEXTURE2D_LINEAR_HEIGHT:        65000 |
    | MAXIMUM_TEXTURE2D_LINEAR_PITCH:       2097120 |
    | MAXIMUM_TEXTURE2D_LINEAR_WIDTH:        131072 |
    | MAXIMUM_TEXTURE2D_MIPMAPPED_HEIGHT:     32768 |
    | MAXIMUM_TEXTURE2D_MIPMAPPED_WIDTH:      32768 |
    | MAXIMUM_TEXTURE2D_WIDTH:               131072 |
    | MAXIMUM_TEXTURE3D_DEPTH:                16384 |
    | MAXIMUM_TEXTURE3D_DEPTH_ALTERNATE:      32768 |
    | MAXIMUM_TEXTURE3D_HEIGHT:               16384 |
    | MAXIMUM_TEXTURE3D_HEIGHT_ALTERNATE:      8192 |
    | MAXIMUM_TEXTURE3D_WIDTH:                16384 |
    | MAXIMUM_TEXTURE3D_WIDTH_ALTERNATE:       8192 |
    | MAXIMUM_TEXTURECUBEMAP_LAYERED_LAYERS:   2046 |
    | MAXIMUM_TEXTURECUBEMAP_LAYERED_WIDTH:   32768 |
    | MAXIMUM_TEXTURECUBEMAP_WIDTH:           32768 |
    | MAX_BLOCK_DIM_X:                         1024 |
    | MAX_BLOCK_DIM_Y:                         1024 |
    | MAX_BLOCK_DIM_Z:                           64 |
    | MAX_GRID_DIM_X:                    2147483647 |
    | MAX_GRID_DIM_Y:                         65535 |
    | MAX_GRID_DIM_Z:                         65535 |
    | MAX_PITCH:                         2147483647 |
    | MAX_REGISTERS_PER_BLOCK:                65536 |
    | MAX_REGISTERS_PER_MULTIPROCESSOR:       65536 |
    | MAX_SHARED_MEMORY_PER_BLOCK:            49152 |
    | MAX_SHARED_MEMORY_PER_MULTIPROCESSOR:   65536 |
    | MAX_THREADS_PER_BLOCK:                   1024 |
    | MAX_THREADS_PER_MULTIPROCESSOR:          1024 |
    | MEMORY_CLOCK_RATE:                    7001000 |
    | MULTIPROCESSOR_COUNT:                      22 |
    | MULTI_GPU_BOARD:                            0 |
    | MULTI_GPU_BOARD_GROUP_ID:                   0 |
    | PCI_BUS_ID:                                 1 |
    | PCI_DEVICE_ID:                              0 |
    | PCI_DOMAIN_ID:                              0 |
    | STREAM_PRIORITIES_SUPPORTED:                1 |
    | SURFACE_ALIGNMENT:                        512 |
    | TCC_DRIVER:                                 0 |
    | TEXTURE_ALIGNMENT:                        512 |
    | TEXTURE_PITCH_ALIGNMENT:                   32 |
    | TOTAL_CONSTANT_MEMORY:                  65536 |
    | UNIFIED_ADDRESSING:                         1 |
    | WARP_SIZE:                                 32 |
    |                                               |
    -------------------------------------------------
numberOfThreads: 1000
numberOfProblems: 2000
numberOfDenseOutput: 1000
threadsPerBlock: 1024
initialTimeStep: 0.01
preferSharedMemory: 1
maximumTimeStep: 1000000.0
minimumTimeStep: 1e-14
timeStepGrowLimit: 10.0
timeStepShrinkLimit: 0.2
eventDirection:
    eventDirectionValue1: 0
    eventDirectionValue2: 0
denseOutputMinimumTimeStep: 0.0
denseOutputSaveFrequency: 1
tolerance:
    toleranceValue1: 1e-06
    toleranceValue2: 1e-06

2020-10-30 18:16:54,310 - BouncingBall - INFO : Chiamata alla classe Parser
2020-10-30 18:16:54,310 - BouncingBall - DEBUG : Parsing totale dell'XML
2020-10-30 18:16:54,310 - BouncingBall - DEBUG : Ottenimento delle variabili dai tag <ScalarVariable> interi a <ModelVariables>
2020-10-30 18:16:54,310 - BouncingBall - DEBUG : Creazione dei parametri ACC dalle variabili di categoria algebraic di tipo Real
2020-10-30 18:16:54,310 - BouncingBall - DEBUG : Creazione dei parametri ACCi dalle variabili di categoria algebraic di tipo Integer
2020-10-30 18:16:54,310 - BouncingBall - DEBUG : Creazione dei parametri sPAR dalle variabili di categoria independent di tipo Real
2020-10-30 18:16:54,311 - BouncingBall - DEBUG : Creazione dei parametri sPAR dalle variabili di categoria independent di tipo Integer
2020-10-30 18:16:54,311 - BouncingBall - DEBUG : Creazione dei parametri X ed F, rispettivamente variabile di stato e la sua derivata
2020-10-30 18:16:54,311 - BouncingBall - DEBUG : Ottenimento delle equazioni iniziali del sistema e aggiornamento delle variabili con i valori iniziali
2020-10-30 18:16:54,311 - BouncingBall - DEBUG : Parsing delle funzioni definite dall'utente
2020-10-30 18:16:54,311 - BouncingBall - DEBUG : Ottenimento delle equazioni e degli eventi, rispettivamente sotto i tag <equ:Equation> e <equ:When>
2020-10-30 18:16:54,311 - BouncingBall - DEBUG : Parsing degli algoritmi sotto il tag <fun:Algorithm>
2020-10-30 18:16:54,311 - BouncingBall - DEBUG : Terminato parsing totale
2020-10-30 18:16:54,311 - BouncingBall - INFO : Chiamata alla classe Model e costruzione del modello astratto
2020-10-30 18:16:54,311 - BouncingBall - DEBUG : Ottengo le ODE per il modello
2020-10-30 18:16:54,311 - BouncingBall - DEBUG : Ottengo le equazioni iniziali per il modello
2020-10-30 18:16:54,311 - BouncingBall - DEBUG : Ottengo le equazioni restanti e gli algoritmi per il modello
2020-10-30 18:16:54,312 - BouncingBall - INFO : Chiamata alla classe Builder
2020-10-30 18:16:54,312 - BouncingBall - DEBUG : Creazione delle directory nella quale salvare i file
2020-10-30 18:16:54,312 - BouncingBall - DEBUG : La directory /home/yorunoomo/Scrivania/Tirocinio/modelica2MPGOSgpuPython/src/BouncingBall_MPGOS è già stata creata in precedenza, e quindi non sarà ricreata
2020-10-30 18:16:54,312 - BouncingBall - INFO : Chiamata alla classe SystemDefinitionBuilder
2020-10-30 18:16:54,312 - BouncingBall - DEBUG : Formattazione della stringa per il file BouncingBall_SystemDefinition.cuh
2020-10-30 18:16:54,312 - BouncingBall - DEBUG : Formattazione della stringa per la funzione PerThread_OdeFunction
2020-10-30 18:16:54,312 - BouncingBall - DEBUG : Formattazione della stringa per la funzione PerThread_EventFunction
2020-10-30 18:16:54,312 - BouncingBall - DEBUG : Formattazione della stringa per la funzione PerThread_ActionAfterEventDetection
2020-10-30 18:16:54,312 - BouncingBall - DEBUG : Formattazione della stringa per la funzione PerThread_ActionAfterSuccessfulTimeStep
2020-10-30 18:16:54,312 - BouncingBall - DEBUG : Formattazione della stringa per la funzione PerThread_Initialization
2020-10-30 18:16:54,312 - BouncingBall - DEBUG : Formattazione della stringa per la funzione PerThread_Finalization
2020-10-30 18:16:54,312 - BouncingBall - DEBUG : Terminata formattazione
2020-10-30 18:16:54,312 - BouncingBall - DEBUG : Salvataggio del contenuto del file di definizione del sistema in /home/yorunoomo/Scrivania/Tirocinio/modelica2MPGOSgpuPython/src/BouncingBall_MPGOS/BouncingBall_SystemDefinition.cuh
2020-10-30 18:16:54,312 - BouncingBall - DEBUG : Contenuto salvato correttamente
2020-10-30 19:47:40,793 - BouncingBall - INFO : Logger <Logger BouncingBall (DEBUG)> creato con successo
2020-10-30 19:47:40,793 - BouncingBall - INFO : Informazioni dal file di configurazione estrapolate. Riassunto della configurazione 
CONFIGURAZIONE ESTRAPOLATA
xmlfile: /home/yorunoomo/Scrivania/Tirocinio/modelica2MPGOSgpuPython/src/XMLs/BouncingBall.xml
workingdir: /home/yorunoomo/Scrivania/Tirocinio/modelica2MPGOSgpuPython/src
modelname: BouncingBall
notifier: False
filelogger: True
MPGOSsourcedir: /home/yorunoomo/Scrivania/Tirocinio/util/Software/MPGOS/SourceCodes/
DEVICE: GeForce GTX 1660 SUPER
    -------------------------------------------------
    |                                               |
    | ASYNC_ENGINE_COUNT:                         3 |
    | CAN_MAP_HOST_MEMORY:                        1 |
    | CLOCK_RATE:                           1815000 |
    | COMPUTE_CAPABILITY_MAJOR:                   7 |
    | COMPUTE_CAPABILITY_MINOR:                   5 |
    | COMPUTE_MODE:                         DEFAULT |
    | CONCURRENT_KERNELS:                         1 |
    | ECC_ENABLED:                                0 |
    | GLOBAL_L1_CACHE_SUPPORTED:                  1 |
    | GLOBAL_MEMORY_BUS_WIDTH:                  192 |
    | GPU_OVERLAP:                                1 |
    | INTEGRATED:                                 0 |
    | KERNEL_EXEC_TIMEOUT:                        1 |
    | L2_CACHE_SIZE:                        1572864 |
    | LOCAL_L1_CACHE_SUPPORTED:                   1 |
    | MANAGED_MEMORY:                             1 |
    | MAXIMUM_SURFACE1D_LAYERED_LAYERS:        2048 |
    | MAXIMUM_SURFACE1D_LAYERED_WIDTH:        32768 |
    | MAXIMUM_SURFACE1D_WIDTH:                32768 |
    | MAXIMUM_SURFACE2D_HEIGHT:               65536 |
    | MAXIMUM_SURFACE2D_LAYERED_HEIGHT:       32768 |
    | MAXIMUM_SURFACE2D_LAYERED_LAYERS:        2048 |
    | MAXIMUM_SURFACE2D_LAYERED_WIDTH:        32768 |
    | MAXIMUM_SURFACE2D_WIDTH:               131072 |
    | MAXIMUM_SURFACE3D_DEPTH:                16384 |
    | MAXIMUM_SURFACE3D_HEIGHT:               16384 |
    | MAXIMUM_SURFACE3D_WIDTH:                16384 |
    | MAXIMUM_SURFACECUBEMAP_LAYERED_LAYERS:   2046 |
    | MAXIMUM_SURFACECUBEMAP_LAYERED_WIDTH:   32768 |
    | MAXIMUM_SURFACECUBEMAP_WIDTH:           32768 |
    | MAXIMUM_TEXTURE1D_LAYERED_LAYERS:        2048 |
    | MAXIMUM_TEXTURE1D_LAYERED_WIDTH:        32768 |
    | MAXIMUM_TEXTURE1D_LINEAR_WIDTH:     268435456 |
    | MAXIMUM_TEXTURE1D_MIPMAPPED_WIDTH:      32768 |
    | MAXIMUM_TEXTURE1D_WIDTH:               131072 |
    | MAXIMUM_TEXTURE2D_ARRAY_HEIGHT:         32768 |
    | MAXIMUM_TEXTURE2D_ARRAY_NUMSLICES:       2048 |
    | MAXIMUM_TEXTURE2D_ARRAY_WIDTH:          32768 |
    | MAXIMUM_TEXTURE2D_GATHER_HEIGHT:        32768 |
    | MAXIMUM_TEXTURE2D_GATHER_WIDTH:         32768 |
    | MAXIMUM_TEXTURE2D_HEIGHT:               65536 |
    | MAXIMUM_TEXTURE2D_LINEAR_HEIGHT:        65000 |
    | MAXIMUM_TEXTURE2D_LINEAR_PITCH:       2097120 |
    | MAXIMUM_TEXTURE2D_LINEAR_WIDTH:        131072 |
    | MAXIMUM_TEXTURE2D_MIPMAPPED_HEIGHT:     32768 |
    | MAXIMUM_TEXTURE2D_MIPMAPPED_WIDTH:      32768 |
    | MAXIMUM_TEXTURE2D_WIDTH:               131072 |
    | MAXIMUM_TEXTURE3D_DEPTH:                16384 |
    | MAXIMUM_TEXTURE3D_DEPTH_ALTERNATE:      32768 |
    | MAXIMUM_TEXTURE3D_HEIGHT:               16384 |
    | MAXIMUM_TEXTURE3D_HEIGHT_ALTERNATE:      8192 |
    | MAXIMUM_TEXTURE3D_WIDTH:                16384 |
    | MAXIMUM_TEXTURE3D_WIDTH_ALTERNATE:       8192 |
    | MAXIMUM_TEXTURECUBEMAP_LAYERED_LAYERS:   2046 |
    | MAXIMUM_TEXTURECUBEMAP_LAYERED_WIDTH:   32768 |
    | MAXIMUM_TEXTURECUBEMAP_WIDTH:           32768 |
    | MAX_BLOCK_DIM_X:                         1024 |
    | MAX_BLOCK_DIM_Y:                         1024 |
    | MAX_BLOCK_DIM_Z:                           64 |
    | MAX_GRID_DIM_X:                    2147483647 |
    | MAX_GRID_DIM_Y:                         65535 |
    | MAX_GRID_DIM_Z:                         65535 |
    | MAX_PITCH:                         2147483647 |
    | MAX_REGISTERS_PER_BLOCK:                65536 |
    | MAX_REGISTERS_PER_MULTIPROCESSOR:       65536 |
    | MAX_SHARED_MEMORY_PER_BLOCK:            49152 |
    | MAX_SHARED_MEMORY_PER_MULTIPROCESSOR:   65536 |
    | MAX_THREADS_PER_BLOCK:                   1024 |
    | MAX_THREADS_PER_MULTIPROCESSOR:          1024 |
    | MEMORY_CLOCK_RATE:                    7001000 |
    | MULTIPROCESSOR_COUNT:                      22 |
    | MULTI_GPU_BOARD:                            0 |
    | MULTI_GPU_BOARD_GROUP_ID:                   0 |
    | PCI_BUS_ID:                                 1 |
    | PCI_DEVICE_ID:                              0 |
    | PCI_DOMAIN_ID:                              0 |
    | STREAM_PRIORITIES_SUPPORTED:                1 |
    | SURFACE_ALIGNMENT:                        512 |
    | TCC_DRIVER:                                 0 |
    | TEXTURE_ALIGNMENT:                        512 |
    | TEXTURE_PITCH_ALIGNMENT:                   32 |
    | TOTAL_CONSTANT_MEMORY:                  65536 |
    | UNIFIED_ADDRESSING:                         1 |
    | WARP_SIZE:                                 32 |
    |                                               |
    -------------------------------------------------
numberOfThreads: 1000
numberOfProblems: 2000
numberOfDenseOutput: 1000
threadsPerBlock: 1024
initialTimeStep: 0.01
preferSharedMemory: 1
maximumTimeStep: 1000000.0
minimumTimeStep: 1e-14
timeStepGrowLimit: 10.0
timeStepShrinkLimit: 0.2
eventDirection:
    eventDirectionValue1: 0
    eventDirectionValue2: 0
denseOutputMinimumTimeStep: 0.0
denseOutputSaveFrequency: 1
tolerance:
    toleranceValue1: 1e-06
    toleranceValue2: 1e-06
timeDomainStart: 0.0
timeDomainEnd: 10.0

2020-10-30 19:47:40,797 - BouncingBall - INFO : Chiamata alla classe Parser
2020-10-30 19:47:40,797 - BouncingBall - DEBUG : Parsing totale dell'XML
2020-10-30 19:47:40,797 - BouncingBall - DEBUG : Ottenimento delle variabili dai tag <ScalarVariable> interi a <ModelVariables>
2020-10-30 19:47:40,797 - BouncingBall - DEBUG : Creazione dei parametri ACC dalle variabili di categoria algebraic di tipo Real
2020-10-30 19:47:40,797 - BouncingBall - DEBUG : Creazione dei parametri ACCi dalle variabili di categoria algebraic di tipo Integer
2020-10-30 19:47:40,797 - BouncingBall - DEBUG : Creazione dei parametri sPAR dalle variabili di categoria independent di tipo Real
2020-10-30 19:47:40,797 - BouncingBall - DEBUG : Creazione dei parametri sPAR dalle variabili di categoria independent di tipo Integer
2020-10-30 19:47:40,798 - BouncingBall - DEBUG : Creazione dei parametri X ed F, rispettivamente variabile di stato e la sua derivata
2020-10-30 19:47:40,798 - BouncingBall - DEBUG : Ottenimento delle equazioni iniziali del sistema e aggiornamento delle variabili con i valori iniziali
2020-10-30 19:47:40,798 - BouncingBall - DEBUG : Parsing delle funzioni definite dall'utente
2020-10-30 19:47:40,798 - BouncingBall - DEBUG : Ottenimento delle equazioni e degli eventi, rispettivamente sotto i tag <equ:Equation> e <equ:When>
2020-10-30 19:47:40,798 - BouncingBall - DEBUG : Parsing degli algoritmi sotto il tag <fun:Algorithm>
2020-10-30 19:47:40,798 - BouncingBall - DEBUG : Terminato parsing totale
2020-10-30 19:47:40,798 - BouncingBall - INFO : Chiamata alla classe Model e costruzione del modello astratto
2020-10-30 19:47:40,798 - BouncingBall - DEBUG : Ottengo le ODE per il modello
2020-10-30 19:47:40,798 - BouncingBall - DEBUG : Ottengo le equazioni iniziali per il modello
2020-10-30 19:47:40,798 - BouncingBall - DEBUG : Ottengo le equazioni restanti e gli algoritmi per il modello
2020-10-30 19:47:40,799 - BouncingBall - INFO : Chiamata alla classe Builder
2020-10-30 19:47:40,799 - BouncingBall - DEBUG : Creazione delle directory nella quale salvare i file
2020-10-30 19:47:40,799 - BouncingBall - DEBUG : La directory /home/yorunoomo/Scrivania/Tirocinio/modelica2MPGOSgpuPython/src/BouncingBall_MPGOS è già stata creata in precedenza, e quindi non sarà ricreata
2020-10-30 19:47:40,799 - BouncingBall - INFO : Chiamata alla classe SystemDefinitionBuilder
2020-10-30 19:47:40,799 - BouncingBall - INFO : Chiamata alla classe ModelBuilder
2020-10-30 19:47:40,799 - BouncingBall - INFO : Formattazione della stringa per la definizione delle MACRO
2020-10-31 17:32:37,779 - BouncingBall - INFO : Logger <Logger BouncingBall (DEBUG)> creato con successo
2020-10-31 17:32:37,779 - BouncingBall - INFO : Informazioni dal file di configurazione estrapolate. Riassunto della configurazione 
CONFIGURAZIONE ESTRAPOLATA
xmlfile: XMLs/BouncingBall.xml
workingdir: /home/yorunoomo/Scrivania/Tirocinio/modelica2MPGOSgpuPython/src/
modelname: BouncingBall
notifier: False
filelogger: True
MPGOSsourcedir: /home/yorunoomo/Scrivania/Tirocinio/util/Software/MPGOS/SourceCodes/
DEVICE: GeForce MX150
    -------------------------------------------------
    |                                               |
    | ASYNC_ENGINE_COUNT:                         2 |
    | CAN_MAP_HOST_MEMORY:                        1 |
    | CLOCK_RATE:                           1037500 |
    | COMPUTE_CAPABILITY_MAJOR:                   6 |
    | COMPUTE_CAPABILITY_MINOR:                   1 |
    | COMPUTE_MODE:                         DEFAULT |
    | CONCURRENT_KERNELS:                         1 |
    | ECC_ENABLED:                                0 |
    | GLOBAL_L1_CACHE_SUPPORTED:                  1 |
    | GLOBAL_MEMORY_BUS_WIDTH:                   64 |
    | GPU_OVERLAP:                                1 |
    | INTEGRATED:                                 0 |
    | KERNEL_EXEC_TIMEOUT:                        1 |
    | L2_CACHE_SIZE:                         524288 |
    | LOCAL_L1_CACHE_SUPPORTED:                   1 |
    | MANAGED_MEMORY:                             1 |
    | MAXIMUM_SURFACE1D_LAYERED_LAYERS:        2048 |
    | MAXIMUM_SURFACE1D_LAYERED_WIDTH:        32768 |
    | MAXIMUM_SURFACE1D_WIDTH:                32768 |
    | MAXIMUM_SURFACE2D_HEIGHT:               65536 |
    | MAXIMUM_SURFACE2D_LAYERED_HEIGHT:       32768 |
    | MAXIMUM_SURFACE2D_LAYERED_LAYERS:        2048 |
    | MAXIMUM_SURFACE2D_LAYERED_WIDTH:        32768 |
    | MAXIMUM_SURFACE2D_WIDTH:               131072 |
    | MAXIMUM_SURFACE3D_DEPTH:                16384 |
    | MAXIMUM_SURFACE3D_HEIGHT:               16384 |
    | MAXIMUM_SURFACE3D_WIDTH:                16384 |
    | MAXIMUM_SURFACECUBEMAP_LAYERED_LAYERS:   2046 |
    | MAXIMUM_SURFACECUBEMAP_LAYERED_WIDTH:   32768 |
    | MAXIMUM_SURFACECUBEMAP_WIDTH:           32768 |
    | MAXIMUM_TEXTURE1D_LAYERED_LAYERS:        2048 |
    | MAXIMUM_TEXTURE1D_LAYERED_WIDTH:        32768 |
    | MAXIMUM_TEXTURE1D_LINEAR_WIDTH:     268435456 |
    | MAXIMUM_TEXTURE1D_MIPMAPPED_WIDTH:      16384 |
    | MAXIMUM_TEXTURE1D_WIDTH:               131072 |
    | MAXIMUM_TEXTURE2D_ARRAY_HEIGHT:         32768 |
    | MAXIMUM_TEXTURE2D_ARRAY_NUMSLICES:       2048 |
    | MAXIMUM_TEXTURE2D_ARRAY_WIDTH:          32768 |
    | MAXIMUM_TEXTURE2D_GATHER_HEIGHT:        32768 |
    | MAXIMUM_TEXTURE2D_GATHER_WIDTH:         32768 |
    | MAXIMUM_TEXTURE2D_HEIGHT:               65536 |
    | MAXIMUM_TEXTURE2D_LINEAR_HEIGHT:        65000 |
    | MAXIMUM_TEXTURE2D_LINEAR_PITCH:       2097120 |
    | MAXIMUM_TEXTURE2D_LINEAR_WIDTH:        131072 |
    | MAXIMUM_TEXTURE2D_MIPMAPPED_HEIGHT:     32768 |
    | MAXIMUM_TEXTURE2D_MIPMAPPED_WIDTH:      32768 |
    | MAXIMUM_TEXTURE2D_WIDTH:               131072 |
    | MAXIMUM_TEXTURE3D_DEPTH:                16384 |
    | MAXIMUM_TEXTURE3D_DEPTH_ALTERNATE:      32768 |
    | MAXIMUM_TEXTURE3D_HEIGHT:               16384 |
    | MAXIMUM_TEXTURE3D_HEIGHT_ALTERNATE:      8192 |
    | MAXIMUM_TEXTURE3D_WIDTH:                16384 |
    | MAXIMUM_TEXTURE3D_WIDTH_ALTERNATE:       8192 |
    | MAXIMUM_TEXTURECUBEMAP_LAYERED_LAYERS:   2046 |
    | MAXIMUM_TEXTURECUBEMAP_LAYERED_WIDTH:   32768 |
    | MAXIMUM_TEXTURECUBEMAP_WIDTH:           32768 |
    | MAX_BLOCK_DIM_X:                         1024 |
    | MAX_BLOCK_DIM_Y:                         1024 |
    | MAX_BLOCK_DIM_Z:                           64 |
    | MAX_GRID_DIM_X:                    2147483647 |
    | MAX_GRID_DIM_Y:                         65535 |
    | MAX_GRID_DIM_Z:                         65535 |
    | MAX_PITCH:                         2147483647 |
    | MAX_REGISTERS_PER_BLOCK:                65536 |
    | MAX_REGISTERS_PER_MULTIPROCESSOR:       65536 |
    | MAX_SHARED_MEMORY_PER_BLOCK:            49152 |
    | MAX_SHARED_MEMORY_PER_MULTIPROCESSOR:   98304 |
    | MAX_THREADS_PER_BLOCK:                   1024 |
    | MAX_THREADS_PER_MULTIPROCESSOR:          2048 |
    | MEMORY_CLOCK_RATE:                    2505000 |
    | MULTIPROCESSOR_COUNT:                       3 |
    | MULTI_GPU_BOARD:                            0 |
    | MULTI_GPU_BOARD_GROUP_ID:                   0 |
    | PCI_BUS_ID:                                 1 |
    | PCI_DEVICE_ID:                              0 |
    | PCI_DOMAIN_ID:                              0 |
    | STREAM_PRIORITIES_SUPPORTED:                1 |
    | SURFACE_ALIGNMENT:                        512 |
    | TCC_DRIVER:                                 0 |
    | TEXTURE_ALIGNMENT:                        512 |
    | TEXTURE_PITCH_ALIGNMENT:                   32 |
    | TOTAL_CONSTANT_MEMORY:                  65536 |
    | UNIFIED_ADDRESSING:                         1 |
    | WARP_SIZE:                                 32 |
    |                                               |
    -------------------------------------------------
numberOfThreads: 1000
numberOfProblems: 2000
numberOfDenseOutput: 1000
threadsPerBlock: 1024
initialTimeStep: 0.01
preferSharedMemory: 1
maximumTimeStep: 1000000.0
minimumTimeStep: 1e-14
timeStepGrowLimit: 10.0
timeStepShrinkLimit: 0.2
eventDirection:
    eventDirectionValue1: 0
    eventDirectionValue2: 0
denseOutputMinimumTimeStep: 0.0
denseOutputSaveFrequency: 1
tolerance:
    toleranceValue1: 1e-06
    toleranceValue2: 1e-06
timeDomainStart: 0.0
timeDomainEnd: 10.0

2020-10-31 17:32:37,784 - BouncingBall - INFO : Chiamata alla classe Parser
2020-10-31 17:32:37,785 - BouncingBall - DEBUG : Parsing totale dell'XML
2020-10-31 17:32:37,785 - BouncingBall - DEBUG : Ottenimento delle variabili dai tag <ScalarVariable> interi a <ModelVariables>
2020-10-31 17:32:37,785 - BouncingBall - DEBUG : Creazione dei parametri ACC dalle variabili di categoria algebraic di tipo Real
2020-10-31 17:32:37,785 - BouncingBall - DEBUG : Creazione dei parametri ACCi dalle variabili di categoria algebraic di tipo Integer
2020-10-31 17:32:37,785 - BouncingBall - DEBUG : Creazione dei parametri sPAR dalle variabili di categoria independent di tipo Real
2020-10-31 17:32:37,786 - BouncingBall - DEBUG : Creazione dei parametri sPAR dalle variabili di categoria independent di tipo Integer
2020-10-31 17:32:37,786 - BouncingBall - DEBUG : Creazione dei parametri X ed F, rispettivamente variabile di stato e la sua derivata
2020-10-31 17:32:37,786 - BouncingBall - DEBUG : Ottenimento delle equazioni iniziali del sistema e aggiornamento delle variabili con i valori iniziali
2020-10-31 17:32:37,786 - BouncingBall - DEBUG : Parsing delle funzioni definite dall'utente
2020-10-31 17:32:37,786 - BouncingBall - DEBUG : Ottenimento delle equazioni e degli eventi, rispettivamente sotto i tag <equ:Equation> e <equ:When>
2020-10-31 17:32:37,787 - BouncingBall - DEBUG : Parsing degli algoritmi sotto il tag <fun:Algorithm>
2020-10-31 17:32:37,787 - BouncingBall - DEBUG : Terminato parsing totale
2020-10-31 17:32:37,787 - BouncingBall - INFO : Chiamata alla classe Model e costruzione del modello astratto
2020-10-31 17:32:37,787 - BouncingBall - DEBUG : Ottengo le ODE per il modello
2020-10-31 17:32:37,787 - BouncingBall - DEBUG : Ottengo le equazioni iniziali per il modello
2020-10-31 17:32:37,788 - BouncingBall - DEBUG : Ottengo le equazioni restanti e gli algoritmi per il modello
2020-10-31 17:32:37,789 - BouncingBall - INFO : Chiamata alla classe Builder
2020-10-31 17:32:37,789 - BouncingBall - DEBUG : Creazione delle directory nella quale salvare i file
2020-10-31 17:32:37,789 - BouncingBall - DEBUG : La directory /home/yorunoomo/Scrivania/Tirocinio/modelica2MPGOSgpuPython/src/BouncingBall_MPGOS è già stata creata in precedenza, e quindi non sarà ricreata
2020-10-31 17:32:37,789 - BouncingBall - INFO : Chiamata alla classe SystemDefinitionBuilder
2020-10-31 17:32:37,789 - BouncingBall - INFO : Chiamata alla classe ModelBuilder
2020-10-31 17:32:37,790 - BouncingBall - DEBUG : Formattazione della stringa per il file BouncingBall_SystemDefinition.cuh
2020-10-31 17:32:37,790 - BouncingBall - DEBUG : Formattazione della stringa per la funzione PerThread_OdeFunction
2020-10-31 17:32:37,790 - BouncingBall - DEBUG : Formattazione della stringa per la funzione PerThread_EventFunction
2020-10-31 17:32:37,790 - BouncingBall - DEBUG : Formattazione della stringa per la funzione PerThread_ActionAfterEventDetection
2020-10-31 17:32:37,790 - BouncingBall - DEBUG : Formattazione della stringa per la funzione PerThread_ActionAfterSuccessfulTimeStep
2020-10-31 17:32:37,791 - BouncingBall - DEBUG : Formattazione della stringa per la funzione PerThread_Initialization
2020-10-31 17:32:37,791 - BouncingBall - DEBUG : Formattazione della stringa per la funzione PerThread_Finalization
2020-10-31 17:32:37,791 - BouncingBall - DEBUG : Terminata formattazione
2020-10-31 17:32:37,791 - BouncingBall - DEBUG : Salvataggio del contenuto del file di definizione del sistema in /home/yorunoomo/Scrivania/Tirocinio/modelica2MPGOSgpuPython/src/BouncingBall_MPGOS/BouncingBall_SystemDefinition.cuh
2020-10-31 17:32:37,791 - BouncingBall - DEBUG : Contenuto salvato correttamente
2020-10-31 17:44:12,511 - BouncingBall - INFO : Logger <Logger BouncingBall (DEBUG)> creato con successo
2020-10-31 17:44:12,512 - BouncingBall - INFO : Informazioni dal file di configurazione estrapolate. Riassunto della configurazione 
CONFIGURAZIONE ESTRAPOLATA
xmlfile: XMLs/BouncingBall.xml
workingdir: /home/yorunoomo/Scrivania/Tirocinio/modelica2MPGOSgpuPython/src/
modelname: BouncingBall
notifier: False
filelogger: True
MPGOSsourcedir: /home/yorunoomo/Scrivania/Tirocinio/util/Software/MPGOS/SourceCodes/
DEVICE: GeForce MX150
    -------------------------------------------------
    |                                               |
    | ASYNC_ENGINE_COUNT:                         2 |
    | CAN_MAP_HOST_MEMORY:                        1 |
    | CLOCK_RATE:                           1037500 |
    | COMPUTE_CAPABILITY_MAJOR:                   6 |
    | COMPUTE_CAPABILITY_MINOR:                   1 |
    | COMPUTE_MODE:                         DEFAULT |
    | CONCURRENT_KERNELS:                         1 |
    | ECC_ENABLED:                                0 |
    | GLOBAL_L1_CACHE_SUPPORTED:                  1 |
    | GLOBAL_MEMORY_BUS_WIDTH:                   64 |
    | GPU_OVERLAP:                                1 |
    | INTEGRATED:                                 0 |
    | KERNEL_EXEC_TIMEOUT:                        1 |
    | L2_CACHE_SIZE:                         524288 |
    | LOCAL_L1_CACHE_SUPPORTED:                   1 |
    | MANAGED_MEMORY:                             1 |
    | MAXIMUM_SURFACE1D_LAYERED_LAYERS:        2048 |
    | MAXIMUM_SURFACE1D_LAYERED_WIDTH:        32768 |
    | MAXIMUM_SURFACE1D_WIDTH:                32768 |
    | MAXIMUM_SURFACE2D_HEIGHT:               65536 |
    | MAXIMUM_SURFACE2D_LAYERED_HEIGHT:       32768 |
    | MAXIMUM_SURFACE2D_LAYERED_LAYERS:        2048 |
    | MAXIMUM_SURFACE2D_LAYERED_WIDTH:        32768 |
    | MAXIMUM_SURFACE2D_WIDTH:               131072 |
    | MAXIMUM_SURFACE3D_DEPTH:                16384 |
    | MAXIMUM_SURFACE3D_HEIGHT:               16384 |
    | MAXIMUM_SURFACE3D_WIDTH:                16384 |
    | MAXIMUM_SURFACECUBEMAP_LAYERED_LAYERS:   2046 |
    | MAXIMUM_SURFACECUBEMAP_LAYERED_WIDTH:   32768 |
    | MAXIMUM_SURFACECUBEMAP_WIDTH:           32768 |
    | MAXIMUM_TEXTURE1D_LAYERED_LAYERS:        2048 |
    | MAXIMUM_TEXTURE1D_LAYERED_WIDTH:        32768 |
    | MAXIMUM_TEXTURE1D_LINEAR_WIDTH:     268435456 |
    | MAXIMUM_TEXTURE1D_MIPMAPPED_WIDTH:      16384 |
    | MAXIMUM_TEXTURE1D_WIDTH:               131072 |
    | MAXIMUM_TEXTURE2D_ARRAY_HEIGHT:         32768 |
    | MAXIMUM_TEXTURE2D_ARRAY_NUMSLICES:       2048 |
    | MAXIMUM_TEXTURE2D_ARRAY_WIDTH:          32768 |
    | MAXIMUM_TEXTURE2D_GATHER_HEIGHT:        32768 |
    | MAXIMUM_TEXTURE2D_GATHER_WIDTH:         32768 |
    | MAXIMUM_TEXTURE2D_HEIGHT:               65536 |
    | MAXIMUM_TEXTURE2D_LINEAR_HEIGHT:        65000 |
    | MAXIMUM_TEXTURE2D_LINEAR_PITCH:       2097120 |
    | MAXIMUM_TEXTURE2D_LINEAR_WIDTH:        131072 |
    | MAXIMUM_TEXTURE2D_MIPMAPPED_HEIGHT:     32768 |
    | MAXIMUM_TEXTURE2D_MIPMAPPED_WIDTH:      32768 |
    | MAXIMUM_TEXTURE2D_WIDTH:               131072 |
    | MAXIMUM_TEXTURE3D_DEPTH:                16384 |
    | MAXIMUM_TEXTURE3D_DEPTH_ALTERNATE:      32768 |
    | MAXIMUM_TEXTURE3D_HEIGHT:               16384 |
    | MAXIMUM_TEXTURE3D_HEIGHT_ALTERNATE:      8192 |
    | MAXIMUM_TEXTURE3D_WIDTH:                16384 |
    | MAXIMUM_TEXTURE3D_WIDTH_ALTERNATE:       8192 |
    | MAXIMUM_TEXTURECUBEMAP_LAYERED_LAYERS:   2046 |
    | MAXIMUM_TEXTURECUBEMAP_LAYERED_WIDTH:   32768 |
    | MAXIMUM_TEXTURECUBEMAP_WIDTH:           32768 |
    | MAX_BLOCK_DIM_X:                         1024 |
    | MAX_BLOCK_DIM_Y:                         1024 |
    | MAX_BLOCK_DIM_Z:                           64 |
    | MAX_GRID_DIM_X:                    2147483647 |
    | MAX_GRID_DIM_Y:                         65535 |
    | MAX_GRID_DIM_Z:                         65535 |
    | MAX_PITCH:                         2147483647 |
    | MAX_REGISTERS_PER_BLOCK:                65536 |
    | MAX_REGISTERS_PER_MULTIPROCESSOR:       65536 |
    | MAX_SHARED_MEMORY_PER_BLOCK:            49152 |
    | MAX_SHARED_MEMORY_PER_MULTIPROCESSOR:   98304 |
    | MAX_THREADS_PER_BLOCK:                   1024 |
    | MAX_THREADS_PER_MULTIPROCESSOR:          2048 |
    | MEMORY_CLOCK_RATE:                    2505000 |
    | MULTIPROCESSOR_COUNT:                       3 |
    | MULTI_GPU_BOARD:                            0 |
    | MULTI_GPU_BOARD_GROUP_ID:                   0 |
    | PCI_BUS_ID:                                 1 |
    | PCI_DEVICE_ID:                              0 |
    | PCI_DOMAIN_ID:                              0 |
    | STREAM_PRIORITIES_SUPPORTED:                1 |
    | SURFACE_ALIGNMENT:                        512 |
    | TCC_DRIVER:                                 0 |
    | TEXTURE_ALIGNMENT:                        512 |
    | TEXTURE_PITCH_ALIGNMENT:                   32 |
    | TOTAL_CONSTANT_MEMORY:                  65536 |
    | UNIFIED_ADDRESSING:                         1 |
    | WARP_SIZE:                                 32 |
    |                                               |
    -------------------------------------------------
numberOfThreads: 1000
numberOfProblems: 2000
numberOfDenseOutput: 1000
threadsPerBlock: 1024
initialTimeStep: 0.01
preferSharedMemory: 1
maximumTimeStep: 1000000.0
minimumTimeStep: 1e-14
timeStepGrowLimit: 10.0
timeStepShrinkLimit: 0.2
eventDirection:
    eventDirectionValue1: 0
    eventDirectionValue2: 0
denseOutputMinimumTimeStep: 0.0
denseOutputSaveFrequency: 1
tolerance:
    toleranceValue1: 1e-06
    toleranceValue2: 1e-06
timeDomainStart: 0.0
timeDomainEnd: 10.0

2020-10-31 17:44:41,503 - BouncingBall - INFO : Logger <Logger BouncingBall (DEBUG)> creato con successo
2020-10-31 17:44:41,503 - BouncingBall - INFO : Informazioni dal file di configurazione estrapolate. Riassunto della configurazione 
CONFIGURAZIONE ESTRAPOLATA
xmlfile: XMLs/BouncingBall.xml
workingdir: /home/yorunoomo/Scrivania/Tirocinio/modelica2MPGOSgpuPython/src/
modelname: BouncingBall
notifier: False
filelogger: True
MPGOSsourcedir: /home/yorunoomo/Scrivania/Tirocinio/util/Software/MPGOS/SourceCodes/
DEVICE: GeForce MX150
    -------------------------------------------------
    |                                               |
    | ASYNC_ENGINE_COUNT:                         2 |
    | CAN_MAP_HOST_MEMORY:                        1 |
    | CLOCK_RATE:                           1037500 |
    | COMPUTE_CAPABILITY_MAJOR:                   6 |
    | COMPUTE_CAPABILITY_MINOR:                   1 |
    | COMPUTE_MODE:                         DEFAULT |
    | CONCURRENT_KERNELS:                         1 |
    | ECC_ENABLED:                                0 |
    | GLOBAL_L1_CACHE_SUPPORTED:                  1 |
    | GLOBAL_MEMORY_BUS_WIDTH:                   64 |
    | GPU_OVERLAP:                                1 |
    | INTEGRATED:                                 0 |
    | KERNEL_EXEC_TIMEOUT:                        1 |
    | L2_CACHE_SIZE:                         524288 |
    | LOCAL_L1_CACHE_SUPPORTED:                   1 |
    | MANAGED_MEMORY:                             1 |
    | MAXIMUM_SURFACE1D_LAYERED_LAYERS:        2048 |
    | MAXIMUM_SURFACE1D_LAYERED_WIDTH:        32768 |
    | MAXIMUM_SURFACE1D_WIDTH:                32768 |
    | MAXIMUM_SURFACE2D_HEIGHT:               65536 |
    | MAXIMUM_SURFACE2D_LAYERED_HEIGHT:       32768 |
    | MAXIMUM_SURFACE2D_LAYERED_LAYERS:        2048 |
    | MAXIMUM_SURFACE2D_LAYERED_WIDTH:        32768 |
    | MAXIMUM_SURFACE2D_WIDTH:               131072 |
    | MAXIMUM_SURFACE3D_DEPTH:                16384 |
    | MAXIMUM_SURFACE3D_HEIGHT:               16384 |
    | MAXIMUM_SURFACE3D_WIDTH:                16384 |
    | MAXIMUM_SURFACECUBEMAP_LAYERED_LAYERS:   2046 |
    | MAXIMUM_SURFACECUBEMAP_LAYERED_WIDTH:   32768 |
    | MAXIMUM_SURFACECUBEMAP_WIDTH:           32768 |
    | MAXIMUM_TEXTURE1D_LAYERED_LAYERS:        2048 |
    | MAXIMUM_TEXTURE1D_LAYERED_WIDTH:        32768 |
    | MAXIMUM_TEXTURE1D_LINEAR_WIDTH:     268435456 |
    | MAXIMUM_TEXTURE1D_MIPMAPPED_WIDTH:      16384 |
    | MAXIMUM_TEXTURE1D_WIDTH:               131072 |
    | MAXIMUM_TEXTURE2D_ARRAY_HEIGHT:         32768 |
    | MAXIMUM_TEXTURE2D_ARRAY_NUMSLICES:       2048 |
    | MAXIMUM_TEXTURE2D_ARRAY_WIDTH:          32768 |
    | MAXIMUM_TEXTURE2D_GATHER_HEIGHT:        32768 |
    | MAXIMUM_TEXTURE2D_GATHER_WIDTH:         32768 |
    | MAXIMUM_TEXTURE2D_HEIGHT:               65536 |
    | MAXIMUM_TEXTURE2D_LINEAR_HEIGHT:        65000 |
    | MAXIMUM_TEXTURE2D_LINEAR_PITCH:       2097120 |
    | MAXIMUM_TEXTURE2D_LINEAR_WIDTH:        131072 |
    | MAXIMUM_TEXTURE2D_MIPMAPPED_HEIGHT:     32768 |
    | MAXIMUM_TEXTURE2D_MIPMAPPED_WIDTH:      32768 |
    | MAXIMUM_TEXTURE2D_WIDTH:               131072 |
    | MAXIMUM_TEXTURE3D_DEPTH:                16384 |
    | MAXIMUM_TEXTURE3D_DEPTH_ALTERNATE:      32768 |
    | MAXIMUM_TEXTURE3D_HEIGHT:               16384 |
    | MAXIMUM_TEXTURE3D_HEIGHT_ALTERNATE:      8192 |
    | MAXIMUM_TEXTURE3D_WIDTH:                16384 |
    | MAXIMUM_TEXTURE3D_WIDTH_ALTERNATE:       8192 |
    | MAXIMUM_TEXTURECUBEMAP_LAYERED_LAYERS:   2046 |
    | MAXIMUM_TEXTURECUBEMAP_LAYERED_WIDTH:   32768 |
    | MAXIMUM_TEXTURECUBEMAP_WIDTH:           32768 |
    | MAX_BLOCK_DIM_X:                         1024 |
    | MAX_BLOCK_DIM_Y:                         1024 |
    | MAX_BLOCK_DIM_Z:                           64 |
    | MAX_GRID_DIM_X:                    2147483647 |
    | MAX_GRID_DIM_Y:                         65535 |
    | MAX_GRID_DIM_Z:                         65535 |
    | MAX_PITCH:                         2147483647 |
    | MAX_REGISTERS_PER_BLOCK:                65536 |
    | MAX_REGISTERS_PER_MULTIPROCESSOR:       65536 |
    | MAX_SHARED_MEMORY_PER_BLOCK:            49152 |
    | MAX_SHARED_MEMORY_PER_MULTIPROCESSOR:   98304 |
    | MAX_THREADS_PER_BLOCK:                   1024 |
    | MAX_THREADS_PER_MULTIPROCESSOR:          2048 |
    | MEMORY_CLOCK_RATE:                    2505000 |
    | MULTIPROCESSOR_COUNT:                       3 |
    | MULTI_GPU_BOARD:                            0 |
    | MULTI_GPU_BOARD_GROUP_ID:                   0 |
    | PCI_BUS_ID:                                 1 |
    | PCI_DEVICE_ID:                              0 |
    | PCI_DOMAIN_ID:                              0 |
    | STREAM_PRIORITIES_SUPPORTED:                1 |
    | SURFACE_ALIGNMENT:                        512 |
    | TCC_DRIVER:                                 0 |
    | TEXTURE_ALIGNMENT:                        512 |
    | TEXTURE_PITCH_ALIGNMENT:                   32 |
    | TOTAL_CONSTANT_MEMORY:                  65536 |
    | UNIFIED_ADDRESSING:                         1 |
    | WARP_SIZE:                                 32 |
    |                                               |
    -------------------------------------------------
numberOfThreads: 1000
numberOfProblems: 2000
numberOfDenseOutput: 1000
threadsPerBlock: 1024
initialTimeStep: 0.01
preferSharedMemory: 1
maximumTimeStep: 1000000.0
minimumTimeStep: 1e-14
timeStepGrowLimit: 10.0
timeStepShrinkLimit: 0.2
eventDirection:
    eventDirectionValue1: 0
    eventDirectionValue2: 0
denseOutputMinimumTimeStep: 0.0
denseOutputSaveFrequency: 1
tolerance:
    toleranceValue1: 1e-06
    toleranceValue2: 1e-06
timeDomainStart: 0.0
timeDomainEnd: 10.0

2020-10-31 17:44:41,510 - BouncingBall - INFO : Chiamata alla classe Parser
2020-10-31 17:44:41,510 - BouncingBall - DEBUG : Parsing totale dell'XML
2020-10-31 17:44:41,510 - BouncingBall - DEBUG : Ottenimento delle variabili dai tag <ScalarVariable> interi a <ModelVariables>
2020-10-31 17:44:41,510 - BouncingBall - DEBUG : Creazione dei parametri ACC dalle variabili di categoria algebraic di tipo Real
2020-10-31 17:44:41,510 - BouncingBall - DEBUG : Creazione dei parametri ACCi dalle variabili di categoria algebraic di tipo Integer
2020-10-31 17:44:41,510 - BouncingBall - DEBUG : Creazione dei parametri sPAR dalle variabili di categoria independent di tipo Real
2020-10-31 17:44:41,511 - BouncingBall - DEBUG : Creazione dei parametri sPAR dalle variabili di categoria independent di tipo Integer
2020-10-31 17:44:41,511 - BouncingBall - DEBUG : Creazione dei parametri X ed F, rispettivamente variabile di stato e la sua derivata
2020-10-31 17:44:41,511 - BouncingBall - DEBUG : Ottenimento delle equazioni iniziali del sistema e aggiornamento delle variabili con i valori iniziali
2020-10-31 17:44:41,511 - BouncingBall - DEBUG : Parsing delle funzioni definite dall'utente
2020-10-31 17:44:41,511 - BouncingBall - DEBUG : Ottenimento delle equazioni e degli eventi, rispettivamente sotto i tag <equ:Equation> e <equ:When>
2020-10-31 17:44:41,511 - BouncingBall - DEBUG : Parsing degli algoritmi sotto il tag <fun:Algorithm>
2020-10-31 17:44:41,512 - BouncingBall - DEBUG : Terminato parsing totale
2020-10-31 17:44:41,512 - BouncingBall - INFO : Chiamata alla classe Model e costruzione del modello astratto
2020-10-31 17:44:41,512 - BouncingBall - DEBUG : Ottengo le ODE per il modello
2020-10-31 17:44:41,512 - BouncingBall - DEBUG : Ottengo le equazioni iniziali per il modello
2020-10-31 17:44:41,512 - BouncingBall - DEBUG : Ottengo le equazioni restanti e gli algoritmi per il modello
2020-10-31 17:44:41,513 - BouncingBall - INFO : Chiamata alla classe Builder
2020-10-31 17:44:41,513 - BouncingBall - DEBUG : Creazione delle directory nella quale salvare i file
2020-10-31 17:44:41,513 - BouncingBall - DEBUG : La directory /home/yorunoomo/Scrivania/Tirocinio/modelica2MPGOSgpuPython/src/BouncingBall_MPGOS è già stata creata in precedenza, e quindi non sarà ricreata
2020-10-31 17:44:41,513 - BouncingBall - INFO : Chiamata alla classe SystemDefinitionBuilder
2020-10-31 17:44:41,514 - BouncingBall - INFO : Chiamata alla classe ModelBuilder
2020-10-31 17:45:16,093 - BouncingBall - INFO : Logger <Logger BouncingBall (DEBUG)> creato con successo
2020-10-31 17:45:16,094 - BouncingBall - INFO : Informazioni dal file di configurazione estrapolate. Riassunto della configurazione 
CONFIGURAZIONE ESTRAPOLATA
xmlfile: XMLs/BouncingBall.xml
workingdir: /home/yorunoomo/Scrivania/Tirocinio/modelica2MPGOSgpuPython/src/
modelname: BouncingBall
notifier: False
filelogger: True
MPGOSsourcedir: /home/yorunoomo/Scrivania/Tirocinio/util/Software/MPGOS/SourceCodes/
DEVICE: GeForce MX150
    -------------------------------------------------
    |                                               |
    | ASYNC_ENGINE_COUNT:                         2 |
    | CAN_MAP_HOST_MEMORY:                        1 |
    | CLOCK_RATE:                           1037500 |
    | COMPUTE_CAPABILITY_MAJOR:                   6 |
    | COMPUTE_CAPABILITY_MINOR:                   1 |
    | COMPUTE_MODE:                         DEFAULT |
    | CONCURRENT_KERNELS:                         1 |
    | ECC_ENABLED:                                0 |
    | GLOBAL_L1_CACHE_SUPPORTED:                  1 |
    | GLOBAL_MEMORY_BUS_WIDTH:                   64 |
    | GPU_OVERLAP:                                1 |
    | INTEGRATED:                                 0 |
    | KERNEL_EXEC_TIMEOUT:                        1 |
    | L2_CACHE_SIZE:                         524288 |
    | LOCAL_L1_CACHE_SUPPORTED:                   1 |
    | MANAGED_MEMORY:                             1 |
    | MAXIMUM_SURFACE1D_LAYERED_LAYERS:        2048 |
    | MAXIMUM_SURFACE1D_LAYERED_WIDTH:        32768 |
    | MAXIMUM_SURFACE1D_WIDTH:                32768 |
    | MAXIMUM_SURFACE2D_HEIGHT:               65536 |
    | MAXIMUM_SURFACE2D_LAYERED_HEIGHT:       32768 |
    | MAXIMUM_SURFACE2D_LAYERED_LAYERS:        2048 |
    | MAXIMUM_SURFACE2D_LAYERED_WIDTH:        32768 |
    | MAXIMUM_SURFACE2D_WIDTH:               131072 |
    | MAXIMUM_SURFACE3D_DEPTH:                16384 |
    | MAXIMUM_SURFACE3D_HEIGHT:               16384 |
    | MAXIMUM_SURFACE3D_WIDTH:                16384 |
    | MAXIMUM_SURFACECUBEMAP_LAYERED_LAYERS:   2046 |
    | MAXIMUM_SURFACECUBEMAP_LAYERED_WIDTH:   32768 |
    | MAXIMUM_SURFACECUBEMAP_WIDTH:           32768 |
    | MAXIMUM_TEXTURE1D_LAYERED_LAYERS:        2048 |
    | MAXIMUM_TEXTURE1D_LAYERED_WIDTH:        32768 |
    | MAXIMUM_TEXTURE1D_LINEAR_WIDTH:     268435456 |
    | MAXIMUM_TEXTURE1D_MIPMAPPED_WIDTH:      16384 |
    | MAXIMUM_TEXTURE1D_WIDTH:               131072 |
    | MAXIMUM_TEXTURE2D_ARRAY_HEIGHT:         32768 |
    | MAXIMUM_TEXTURE2D_ARRAY_NUMSLICES:       2048 |
    | MAXIMUM_TEXTURE2D_ARRAY_WIDTH:          32768 |
    | MAXIMUM_TEXTURE2D_GATHER_HEIGHT:        32768 |
    | MAXIMUM_TEXTURE2D_GATHER_WIDTH:         32768 |
    | MAXIMUM_TEXTURE2D_HEIGHT:               65536 |
    | MAXIMUM_TEXTURE2D_LINEAR_HEIGHT:        65000 |
    | MAXIMUM_TEXTURE2D_LINEAR_PITCH:       2097120 |
    | MAXIMUM_TEXTURE2D_LINEAR_WIDTH:        131072 |
    | MAXIMUM_TEXTURE2D_MIPMAPPED_HEIGHT:     32768 |
    | MAXIMUM_TEXTURE2D_MIPMAPPED_WIDTH:      32768 |
    | MAXIMUM_TEXTURE2D_WIDTH:               131072 |
    | MAXIMUM_TEXTURE3D_DEPTH:                16384 |
    | MAXIMUM_TEXTURE3D_DEPTH_ALTERNATE:      32768 |
    | MAXIMUM_TEXTURE3D_HEIGHT:               16384 |
    | MAXIMUM_TEXTURE3D_HEIGHT_ALTERNATE:      8192 |
    | MAXIMUM_TEXTURE3D_WIDTH:                16384 |
    | MAXIMUM_TEXTURE3D_WIDTH_ALTERNATE:       8192 |
    | MAXIMUM_TEXTURECUBEMAP_LAYERED_LAYERS:   2046 |
    | MAXIMUM_TEXTURECUBEMAP_LAYERED_WIDTH:   32768 |
    | MAXIMUM_TEXTURECUBEMAP_WIDTH:           32768 |
    | MAX_BLOCK_DIM_X:                         1024 |
    | MAX_BLOCK_DIM_Y:                         1024 |
    | MAX_BLOCK_DIM_Z:                           64 |
    | MAX_GRID_DIM_X:                    2147483647 |
    | MAX_GRID_DIM_Y:                         65535 |
    | MAX_GRID_DIM_Z:                         65535 |
    | MAX_PITCH:                         2147483647 |
    | MAX_REGISTERS_PER_BLOCK:                65536 |
    | MAX_REGISTERS_PER_MULTIPROCESSOR:       65536 |
    | MAX_SHARED_MEMORY_PER_BLOCK:            49152 |
    | MAX_SHARED_MEMORY_PER_MULTIPROCESSOR:   98304 |
    | MAX_THREADS_PER_BLOCK:                   1024 |
    | MAX_THREADS_PER_MULTIPROCESSOR:          2048 |
    | MEMORY_CLOCK_RATE:                    2505000 |
    | MULTIPROCESSOR_COUNT:                       3 |
    | MULTI_GPU_BOARD:                            0 |
    | MULTI_GPU_BOARD_GROUP_ID:                   0 |
    | PCI_BUS_ID:                                 1 |
    | PCI_DEVICE_ID:                              0 |
    | PCI_DOMAIN_ID:                              0 |
    | STREAM_PRIORITIES_SUPPORTED:                1 |
    | SURFACE_ALIGNMENT:                        512 |
    | TCC_DRIVER:                                 0 |
    | TEXTURE_ALIGNMENT:                        512 |
    | TEXTURE_PITCH_ALIGNMENT:                   32 |
    | TOTAL_CONSTANT_MEMORY:                  65536 |
    | UNIFIED_ADDRESSING:                         1 |
    | WARP_SIZE:                                 32 |
    |                                               |
    -------------------------------------------------
numberOfThreads: 1000
numberOfProblems: 2000
numberOfDenseOutput: 1000
threadsPerBlock: 1024
initialTimeStep: 0.01
preferSharedMemory: 1
maximumTimeStep: 1000000.0
minimumTimeStep: 1e-14
timeStepGrowLimit: 10.0
timeStepShrinkLimit: 0.2
eventDirection:
    eventDirectionValue1: 0
    eventDirectionValue2: 0
denseOutputMinimumTimeStep: 0.0
denseOutputSaveFrequency: 1
tolerance:
    toleranceValue1: 1e-06
    toleranceValue2: 1e-06
timeDomainStart: 0.0
timeDomainEnd: 10.0

2020-10-31 17:45:16,100 - BouncingBall - INFO : Chiamata alla classe Parser
2020-10-31 17:45:16,101 - BouncingBall - DEBUG : Parsing totale dell'XML
2020-10-31 17:45:16,101 - BouncingBall - DEBUG : Ottenimento delle variabili dai tag <ScalarVariable> interi a <ModelVariables>
2020-10-31 17:45:16,101 - BouncingBall - DEBUG : Creazione dei parametri ACC dalle variabili di categoria algebraic di tipo Real
2020-10-31 17:45:16,101 - BouncingBall - DEBUG : Creazione dei parametri ACCi dalle variabili di categoria algebraic di tipo Integer
2020-10-31 17:45:16,101 - BouncingBall - DEBUG : Creazione dei parametri sPAR dalle variabili di categoria independent di tipo Real
2020-10-31 17:45:16,101 - BouncingBall - DEBUG : Creazione dei parametri sPAR dalle variabili di categoria independent di tipo Integer
2020-10-31 17:45:16,101 - BouncingBall - DEBUG : Creazione dei parametri X ed F, rispettivamente variabile di stato e la sua derivata
2020-10-31 17:45:16,101 - BouncingBall - DEBUG : Ottenimento delle equazioni iniziali del sistema e aggiornamento delle variabili con i valori iniziali
2020-10-31 17:45:16,102 - BouncingBall - DEBUG : Parsing delle funzioni definite dall'utente
2020-10-31 17:45:16,102 - BouncingBall - DEBUG : Ottenimento delle equazioni e degli eventi, rispettivamente sotto i tag <equ:Equation> e <equ:When>
2020-10-31 17:45:16,102 - BouncingBall - DEBUG : Parsing degli algoritmi sotto il tag <fun:Algorithm>
2020-10-31 17:45:16,102 - BouncingBall - DEBUG : Terminato parsing totale
2020-10-31 17:45:16,102 - BouncingBall - INFO : Chiamata alla classe Model e costruzione del modello astratto
2020-10-31 17:45:16,102 - BouncingBall - DEBUG : Ottengo le ODE per il modello
2020-10-31 17:45:16,102 - BouncingBall - DEBUG : Ottengo le equazioni iniziali per il modello
2020-10-31 17:45:16,103 - BouncingBall - DEBUG : Ottengo le equazioni restanti e gli algoritmi per il modello
2020-10-31 17:45:16,103 - BouncingBall - INFO : Chiamata alla classe Builder
2020-10-31 17:45:16,103 - BouncingBall - DEBUG : Creazione delle directory nella quale salvare i file
2020-10-31 17:45:16,103 - BouncingBall - DEBUG : La directory /home/yorunoomo/Scrivania/Tirocinio/modelica2MPGOSgpuPython/src/BouncingBall_MPGOS è già stata creata in precedenza, e quindi non sarà ricreata
2020-10-31 17:45:16,103 - BouncingBall - INFO : Chiamata alla classe SystemDefinitionBuilder
2020-10-31 17:45:16,103 - BouncingBall - INFO : Chiamata alla classe ModelBuilder
