2020-10-30 19:48:34,946 - Goldbeter1995 - INFO : Logger <Logger Goldbeter1995 (DEBUG)> creato con successo
2020-10-30 19:48:34,946 - Goldbeter1995 - INFO : Informazioni dal file di configurazione estrapolate. Riassunto della configurazione 
CONFIGURAZIONE ESTRAPOLATA
xmlfile: /home/yorunoomo/Scrivania/Tirocinio/modelica2MPGOSgpuPython/src/XMLs/Goldbeter1995.xml
workingdir: /home/yorunoomo/Scrivania/Tirocinio/modelica2MPGOSgpuPython/src
modelname: Goldbeter1995
notifier: False
filelogger: True
MPGOSsourcedir: /home/yorunoomo/Scrivania/Tirocinio/util/Software/MPGOS/SourceCodes/
DEVICE: GeForce GTX 1660 SUPER
    -------------------------------------------------
    |                                               |
    | ASYNC_ENGINE_COUNT:                         3 |
    | CAN_MAP_HOST_MEMORY:                        1 |
    | CLOCK_RATE:                           1815000 |
    | COMPUTE_CAPABILITY_MAJOR:                   7 |
    | COMPUTE_CAPABILITY_MINOR:                   5 |
    | COMPUTE_MODE:                         DEFAULT |
    | CONCURRENT_KERNELS:                         1 |
    | ECC_ENABLED:                                0 |
    | GLOBAL_L1_CACHE_SUPPORTED:                  1 |
    | GLOBAL_MEMORY_BUS_WIDTH:                  192 |
    | GPU_OVERLAP:                                1 |
    | INTEGRATED:                                 0 |
    | KERNEL_EXEC_TIMEOUT:                        1 |
    | L2_CACHE_SIZE:                        1572864 |
    | LOCAL_L1_CACHE_SUPPORTED:                   1 |
    | MANAGED_MEMORY:                             1 |
    | MAXIMUM_SURFACE1D_LAYERED_LAYERS:        2048 |
    | MAXIMUM_SURFACE1D_LAYERED_WIDTH:        32768 |
    | MAXIMUM_SURFACE1D_WIDTH:                32768 |
    | MAXIMUM_SURFACE2D_HEIGHT:               65536 |
    | MAXIMUM_SURFACE2D_LAYERED_HEIGHT:       32768 |
    | MAXIMUM_SURFACE2D_LAYERED_LAYERS:        2048 |
    | MAXIMUM_SURFACE2D_LAYERED_WIDTH:        32768 |
    | MAXIMUM_SURFACE2D_WIDTH:               131072 |
    | MAXIMUM_SURFACE3D_DEPTH:                16384 |
    | MAXIMUM_SURFACE3D_HEIGHT:               16384 |
    | MAXIMUM_SURFACE3D_WIDTH:                16384 |
    | MAXIMUM_SURFACECUBEMAP_LAYERED_LAYERS:   2046 |
    | MAXIMUM_SURFACECUBEMAP_LAYERED_WIDTH:   32768 |
    | MAXIMUM_SURFACECUBEMAP_WIDTH:           32768 |
    | MAXIMUM_TEXTURE1D_LAYERED_LAYERS:        2048 |
    | MAXIMUM_TEXTURE1D_LAYERED_WIDTH:        32768 |
    | MAXIMUM_TEXTURE1D_LINEAR_WIDTH:     268435456 |
    | MAXIMUM_TEXTURE1D_MIPMAPPED_WIDTH:      32768 |
    | MAXIMUM_TEXTURE1D_WIDTH:               131072 |
    | MAXIMUM_TEXTURE2D_ARRAY_HEIGHT:         32768 |
    | MAXIMUM_TEXTURE2D_ARRAY_NUMSLICES:       2048 |
    | MAXIMUM_TEXTURE2D_ARRAY_WIDTH:          32768 |
    | MAXIMUM_TEXTURE2D_GATHER_HEIGHT:        32768 |
    | MAXIMUM_TEXTURE2D_GATHER_WIDTH:         32768 |
    | MAXIMUM_TEXTURE2D_HEIGHT:               65536 |
    | MAXIMUM_TEXTURE2D_LINEAR_HEIGHT:        65000 |
    | MAXIMUM_TEXTURE2D_LINEAR_PITCH:       2097120 |
    | MAXIMUM_TEXTURE2D_LINEAR_WIDTH:        131072 |
    | MAXIMUM_TEXTURE2D_MIPMAPPED_HEIGHT:     32768 |
    | MAXIMUM_TEXTURE2D_MIPMAPPED_WIDTH:      32768 |
    | MAXIMUM_TEXTURE2D_WIDTH:               131072 |
    | MAXIMUM_TEXTURE3D_DEPTH:                16384 |
    | MAXIMUM_TEXTURE3D_DEPTH_ALTERNATE:      32768 |
    | MAXIMUM_TEXTURE3D_HEIGHT:               16384 |
    | MAXIMUM_TEXTURE3D_HEIGHT_ALTERNATE:      8192 |
    | MAXIMUM_TEXTURE3D_WIDTH:                16384 |
    | MAXIMUM_TEXTURE3D_WIDTH_ALTERNATE:       8192 |
    | MAXIMUM_TEXTURECUBEMAP_LAYERED_LAYERS:   2046 |
    | MAXIMUM_TEXTURECUBEMAP_LAYERED_WIDTH:   32768 |
    | MAXIMUM_TEXTURECUBEMAP_WIDTH:           32768 |
    | MAX_BLOCK_DIM_X:                         1024 |
    | MAX_BLOCK_DIM_Y:                         1024 |
    | MAX_BLOCK_DIM_Z:                           64 |
    | MAX_GRID_DIM_X:                    2147483647 |
    | MAX_GRID_DIM_Y:                         65535 |
    | MAX_GRID_DIM_Z:                         65535 |
    | MAX_PITCH:                         2147483647 |
    | MAX_REGISTERS_PER_BLOCK:                65536 |
    | MAX_REGISTERS_PER_MULTIPROCESSOR:       65536 |
    | MAX_SHARED_MEMORY_PER_BLOCK:            49152 |
    | MAX_SHARED_MEMORY_PER_MULTIPROCESSOR:   65536 |
    | MAX_THREADS_PER_BLOCK:                   1024 |
    | MAX_THREADS_PER_MULTIPROCESSOR:          1024 |
    | MEMORY_CLOCK_RATE:                    7001000 |
    | MULTIPROCESSOR_COUNT:                      22 |
    | MULTI_GPU_BOARD:                            0 |
    | MULTI_GPU_BOARD_GROUP_ID:                   0 |
    | PCI_BUS_ID:                                 1 |
    | PCI_DEVICE_ID:                              0 |
    | PCI_DOMAIN_ID:                              0 |
    | STREAM_PRIORITIES_SUPPORTED:                1 |
    | SURFACE_ALIGNMENT:                        512 |
    | TCC_DRIVER:                                 0 |
    | TEXTURE_ALIGNMENT:                        512 |
    | TEXTURE_PITCH_ALIGNMENT:                   32 |
    | TOTAL_CONSTANT_MEMORY:                  65536 |
    | UNIFIED_ADDRESSING:                         1 |
    | WARP_SIZE:                                 32 |
    |                                               |
    -------------------------------------------------
numberOfThreads: 1000
numberOfProblems: 2000
numberOfDenseOutput: 1000
threadsPerBlock: 1024
initialTimeStep: 0.01
preferSharedMemory: 1
maximumTimeStep: 1000000.0
minimumTimeStep: 1e-14
timeStepGrowLimit: 10.0
timeStepShrinkLimit: 0.2
eventDirection: []
denseOutputMinimumTimeStep: 0.0
denseOutputSaveFrequency: 1
tolerance:
    toleranceValue1: 1e-06
    toleranceValue2: 1e-06
    toleranceValue3: 1e-06
    toleranceValue4: 1e-06
    toleranceValue5: 1e-06
    toleranceValue6: 1e-06
    toleranceValue7: 1e-06
    toleranceValue8: 1e-06
    toleranceValue9: 1e-06
    toleranceValue10: 1e-06
    toleranceValue11: 1e-06
    toleranceValue12: 1e-06
    toleranceValue13: 1e-06
    toleranceValue14: 1e-06
    toleranceValue15: 1e-06
    toleranceValue16: 1e-06
    toleranceValue17: 1e-06
    toleranceValue18: 1e-06
    toleranceValue19: 1e-06
    toleranceValue20: 1e-06
    toleranceValue21: 1e-06
    toleranceValue22: 1e-06
    toleranceValue23: 1e-06
    toleranceValue24: 1e-06
    toleranceValue25: 1e-06
    toleranceValue26: 1e-06
    toleranceValue27: 1e-06
    toleranceValue28: 1e-06
    toleranceValue29: 1e-06
timeDomainStart: 0.0
timeDomainEnd: 10.0

2020-10-30 19:48:34,951 - Goldbeter1995 - INFO : Chiamata alla classe Parser
2020-10-30 19:48:34,951 - Goldbeter1995 - DEBUG : Parsing totale dell'XML
2020-10-30 19:48:34,951 - Goldbeter1995 - DEBUG : Ottenimento delle variabili dai tag <ScalarVariable> interi a <ModelVariables>
2020-10-30 19:48:34,952 - Goldbeter1995 - DEBUG : Creazione dei parametri ACC dalle variabili di categoria algebraic di tipo Real
2020-10-30 19:48:34,952 - Goldbeter1995 - DEBUG : Creazione dei parametri ACCi dalle variabili di categoria algebraic di tipo Integer
2020-10-30 19:48:34,952 - Goldbeter1995 - DEBUG : Creazione dei parametri sPAR dalle variabili di categoria independent di tipo Real
2020-10-30 19:48:34,952 - Goldbeter1995 - DEBUG : Creazione dei parametri sPAR dalle variabili di categoria independent di tipo Integer
2020-10-30 19:48:34,952 - Goldbeter1995 - DEBUG : Creazione dei parametri X ed F, rispettivamente variabile di stato e la sua derivata
2020-10-30 19:48:34,953 - Goldbeter1995 - DEBUG : Ottenimento delle equazioni iniziali del sistema e aggiornamento delle variabili con i valori iniziali
2020-10-30 19:48:34,953 - Goldbeter1995 - DEBUG : Parsing delle funzioni definite dall'utente
2020-10-30 19:48:34,953 - Goldbeter1995 - DEBUG : Ottenimento delle equazioni e degli eventi, rispettivamente sotto i tag <equ:Equation> e <equ:When>
2020-10-30 19:48:34,954 - Goldbeter1995 - DEBUG : Parsing degli algoritmi sotto il tag <fun:Algorithm>
2020-10-30 19:48:34,954 - Goldbeter1995 - DEBUG : Terminato parsing totale
2020-10-30 19:48:34,954 - Goldbeter1995 - INFO : Chiamata alla classe Model e costruzione del modello astratto
2020-10-30 19:48:34,954 - Goldbeter1995 - DEBUG : Ottengo le ODE per il modello
2020-10-30 19:48:34,954 - Goldbeter1995 - DEBUG : Ottengo le equazioni iniziali per il modello
2020-10-30 19:48:34,954 - Goldbeter1995 - DEBUG : Ottengo le equazioni restanti e gli algoritmi per il modello
2020-10-30 19:48:34,955 - Goldbeter1995 - INFO : Chiamata alla classe Builder
2020-10-30 19:48:34,955 - Goldbeter1995 - DEBUG : Creazione delle directory nella quale salvare i file
2020-10-30 19:48:34,955 - Goldbeter1995 - INFO : Chiamata alla classe SystemDefinitionBuilder
2020-10-30 19:48:34,955 - Goldbeter1995 - INFO : Chiamata alla classe ModelBuilder
2020-10-30 19:48:34,955 - Goldbeter1995 - INFO : Formattazione della stringa per la definizione delle MACRO
2020-11-01 23:18:14,745 - Goldbeter1995[59128] - INFO : Logger <Logger Goldbeter1995 (DEBUG)> creato con successo
2020-11-01 23:18:14,745 - Goldbeter1995[59128] - INFO : Informazioni dal file di configurazione estrapolate. Riassunto della configurazione 
CONFIGURAZIONE ESTRAPOLATA
xmlfile: XMLs/Goldbeter1995.xml
workingdir: /home/yorunoomo/Scrivania/Tirocinio/modelica2MPGOSgpuPython/src/
modelname: Goldbeter1995
notifier: False
filelogger: True
MPGOSsourcedir: /home/yorunoomo/Scrivania/Tirocinio/util/Software/MPGOS/SourceCodes/
DEVICE: GeForce GTX 1660 SUPER
    -------------------------------------------------
    |                                               |
    | ASYNC_ENGINE_COUNT:                         3 |
    | CAN_MAP_HOST_MEMORY:                        1 |
    | CLOCK_RATE:                           1815000 |
    | COMPUTE_CAPABILITY_MAJOR:                   7 |
    | COMPUTE_CAPABILITY_MINOR:                   5 |
    | COMPUTE_MODE:                         DEFAULT |
    | CONCURRENT_KERNELS:                         1 |
    | ECC_ENABLED:                                0 |
    | GLOBAL_L1_CACHE_SUPPORTED:                  1 |
    | GLOBAL_MEMORY_BUS_WIDTH:                  192 |
    | GPU_OVERLAP:                                1 |
    | INTEGRATED:                                 0 |
    | KERNEL_EXEC_TIMEOUT:                        1 |
    | L2_CACHE_SIZE:                        1572864 |
    | LOCAL_L1_CACHE_SUPPORTED:                   1 |
    | MANAGED_MEMORY:                             1 |
    | MAXIMUM_SURFACE1D_LAYERED_LAYERS:        2048 |
    | MAXIMUM_SURFACE1D_LAYERED_WIDTH:        32768 |
    | MAXIMUM_SURFACE1D_WIDTH:                32768 |
    | MAXIMUM_SURFACE2D_HEIGHT:               65536 |
    | MAXIMUM_SURFACE2D_LAYERED_HEIGHT:       32768 |
    | MAXIMUM_SURFACE2D_LAYERED_LAYERS:        2048 |
    | MAXIMUM_SURFACE2D_LAYERED_WIDTH:        32768 |
    | MAXIMUM_SURFACE2D_WIDTH:               131072 |
    | MAXIMUM_SURFACE3D_DEPTH:                16384 |
    | MAXIMUM_SURFACE3D_HEIGHT:               16384 |
    | MAXIMUM_SURFACE3D_WIDTH:                16384 |
    | MAXIMUM_SURFACECUBEMAP_LAYERED_LAYERS:   2046 |
    | MAXIMUM_SURFACECUBEMAP_LAYERED_WIDTH:   32768 |
    | MAXIMUM_SURFACECUBEMAP_WIDTH:           32768 |
    | MAXIMUM_TEXTURE1D_LAYERED_LAYERS:        2048 |
    | MAXIMUM_TEXTURE1D_LAYERED_WIDTH:        32768 |
    | MAXIMUM_TEXTURE1D_LINEAR_WIDTH:     268435456 |
    | MAXIMUM_TEXTURE1D_MIPMAPPED_WIDTH:      32768 |
    | MAXIMUM_TEXTURE1D_WIDTH:               131072 |
    | MAXIMUM_TEXTURE2D_ARRAY_HEIGHT:         32768 |
    | MAXIMUM_TEXTURE2D_ARRAY_NUMSLICES:       2048 |
    | MAXIMUM_TEXTURE2D_ARRAY_WIDTH:          32768 |
    | MAXIMUM_TEXTURE2D_GATHER_HEIGHT:        32768 |
    | MAXIMUM_TEXTURE2D_GATHER_WIDTH:         32768 |
    | MAXIMUM_TEXTURE2D_HEIGHT:               65536 |
    | MAXIMUM_TEXTURE2D_LINEAR_HEIGHT:        65000 |
    | MAXIMUM_TEXTURE2D_LINEAR_PITCH:       2097120 |
    | MAXIMUM_TEXTURE2D_LINEAR_WIDTH:        131072 |
    | MAXIMUM_TEXTURE2D_MIPMAPPED_HEIGHT:     32768 |
    | MAXIMUM_TEXTURE2D_MIPMAPPED_WIDTH:      32768 |
    | MAXIMUM_TEXTURE2D_WIDTH:               131072 |
    | MAXIMUM_TEXTURE3D_DEPTH:                16384 |
    | MAXIMUM_TEXTURE3D_DEPTH_ALTERNATE:      32768 |
    | MAXIMUM_TEXTURE3D_HEIGHT:               16384 |
    | MAXIMUM_TEXTURE3D_HEIGHT_ALTERNATE:      8192 |
    | MAXIMUM_TEXTURE3D_WIDTH:                16384 |
    | MAXIMUM_TEXTURE3D_WIDTH_ALTERNATE:       8192 |
    | MAXIMUM_TEXTURECUBEMAP_LAYERED_LAYERS:   2046 |
    | MAXIMUM_TEXTURECUBEMAP_LAYERED_WIDTH:   32768 |
    | MAXIMUM_TEXTURECUBEMAP_WIDTH:           32768 |
    | MAX_BLOCK_DIM_X:                         1024 |
    | MAX_BLOCK_DIM_Y:                         1024 |
    | MAX_BLOCK_DIM_Z:                           64 |
    | MAX_GRID_DIM_X:                    2147483647 |
    | MAX_GRID_DIM_Y:                         65535 |
    | MAX_GRID_DIM_Z:                         65535 |
    | MAX_PITCH:                         2147483647 |
    | MAX_REGISTERS_PER_BLOCK:                65536 |
    | MAX_REGISTERS_PER_MULTIPROCESSOR:       65536 |
    | MAX_SHARED_MEMORY_PER_BLOCK:            49152 |
    | MAX_SHARED_MEMORY_PER_MULTIPROCESSOR:   65536 |
    | MAX_THREADS_PER_BLOCK:                   1024 |
    | MAX_THREADS_PER_MULTIPROCESSOR:          1024 |
    | MEMORY_CLOCK_RATE:                    7001000 |
    | MULTIPROCESSOR_COUNT:                      22 |
    | MULTI_GPU_BOARD:                            0 |
    | MULTI_GPU_BOARD_GROUP_ID:                   0 |
    | PCI_BUS_ID:                                 1 |
    | PCI_DEVICE_ID:                              0 |
    | PCI_DOMAIN_ID:                              0 |
    | STREAM_PRIORITIES_SUPPORTED:                1 |
    | SURFACE_ALIGNMENT:                        512 |
    | TCC_DRIVER:                                 0 |
    | TEXTURE_ALIGNMENT:                        512 |
    | TEXTURE_PITCH_ALIGNMENT:                   32 |
    | TOTAL_CONSTANT_MEMORY:                  65536 |
    | UNIFIED_ADDRESSING:                         1 |
    | WARP_SIZE:                                 32 |
    |                                               |
    -------------------------------------------------
numberOfThreads: 1000
numberOfProblems: 2000
numberOfDenseOutput: 1000
threadsPerBlock: 1024
initialTimeStep: 0.01
preferSharedMemory: 1
maximumTimeStep: 1000000.0
minimumTimeStep: 1e-14
timeStepGrowLimit: 10.0
timeStepShrinkLimit: 0.2
eventDirection: []
denseOutputMinimumTimeStep: 0.0
denseOutputSaveFrequency: 1
tolerance:
    toleranceValue1: 1e-06
    toleranceValue2: 1e-06
    toleranceValue3: 1e-06
    toleranceValue4: 1e-06
    toleranceValue5: 1e-06
    toleranceValue6: 1e-06
    toleranceValue7: 1e-06
    toleranceValue8: 1e-06
    toleranceValue9: 1e-06
    toleranceValue10: 1e-06
    toleranceValue11: 1e-06
    toleranceValue12: 1e-06
    toleranceValue13: 1e-06
    toleranceValue14: 1e-06
    toleranceValue15: 1e-06
    toleranceValue16: 1e-06
    toleranceValue17: 1e-06
    toleranceValue18: 1e-06
    toleranceValue19: 1e-06
    toleranceValue20: 1e-06
    toleranceValue21: 1e-06
    toleranceValue22: 1e-06
    toleranceValue23: 1e-06
    toleranceValue24: 1e-06
    toleranceValue25: 1e-06
    toleranceValue26: 1e-06
    toleranceValue27: 1e-06
    toleranceValue28: 1e-06
    toleranceValue29: 1e-06
timeDomainStart: 0.0
timeDomainEnd: 10.0

2020-11-01 23:18:14,752 - Goldbeter1995[59128] - INFO : Chiamata alla classe Parser
2020-11-01 23:18:14,752 - Goldbeter1995[59128] - DEBUG : Parsing totale dell'XML
2020-11-01 23:18:14,752 - Goldbeter1995[59128] - DEBUG : Ottenimento delle variabili dai tag <ScalarVariable> interi a <ModelVariables>
2020-11-01 23:18:14,753 - Goldbeter1995[59128] - DEBUG : Creazione dei parametri ACC dalle variabili di categoria algebraic di tipo Real
2020-11-01 23:18:14,754 - Goldbeter1995[59128] - DEBUG : Creazione dei parametri ACCi dalle variabili di categoria algebraic di tipo Integer
2020-11-01 23:18:14,754 - Goldbeter1995[59128] - DEBUG : Creazione dei parametri sPAR dalle variabili di categoria independent di tipo Real
2020-11-01 23:18:14,754 - Goldbeter1995[59128] - DEBUG : Creazione dei parametri sPAR dalle variabili di categoria independent di tipo Integer
2020-11-01 23:18:14,754 - Goldbeter1995[59128] - DEBUG : Creazione dei parametri X ed F, rispettivamente variabile di stato e la sua derivata
2020-11-01 23:18:14,755 - Goldbeter1995[59128] - DEBUG : Ottenimento delle equazioni iniziali del sistema e aggiornamento delle variabili con i valori iniziali
2020-11-01 23:18:14,756 - Goldbeter1995[59128] - DEBUG : Parsing delle funzioni definite dall'utente
2020-11-01 23:18:14,756 - Goldbeter1995[59128] - DEBUG : Ottenimento delle equazioni e degli eventi, rispettivamente sotto i tag <equ:Equation> e <equ:When>
2020-11-01 23:18:14,756 - Goldbeter1995[59128] - DEBUG : Parsing degli algoritmi sotto il tag <fun:Algorithm>
2020-11-01 23:18:14,757 - Goldbeter1995[59128] - DEBUG : Terminato parsing totale
2020-11-01 23:18:14,757 - Goldbeter1995[59128] - INFO : Chiamata alla classe Model e costruzione del modello astratto
2020-11-01 23:18:14,757 - Goldbeter1995[59128] - DEBUG : Ottengo le ODE per il modello
2020-11-01 23:18:14,757 - Goldbeter1995[59128] - DEBUG : Ottengo le equazioni iniziali per il modello
2020-11-01 23:18:14,758 - Goldbeter1995[59128] - DEBUG : Ottengo le equazioni restanti e gli algoritmi per il modello
2020-11-01 23:18:14,759 - Goldbeter1995[59128] - INFO : Chiamata alla classe Builder
2020-11-01 23:18:14,759 - Goldbeter1995[59128] - DEBUG : Creazione delle directory nella quale salvare i file
2020-11-01 23:18:14,759 - Goldbeter1995[59128] - INFO : Chiamata alla classe SystemDefinitionBuilder
2020-11-01 23:18:14,760 - Goldbeter1995[59128] - INFO : Chiamata alla classe ModelBuilder
2020-11-01 23:18:14,760 - Goldbeter1995[59128] - DEBUG : Formattazione della stringa per il file Goldbeter1995_SystemDefinition.cuh
2020-11-01 23:18:14,760 - Goldbeter1995[59128] - DEBUG : Formattazione della stringa per la funzione PerThread_OdeFunction
2020-11-01 23:18:14,760 - Goldbeter1995[59128] - DEBUG : Formattazione della stringa per la funzione PerThread_EventFunction
2020-11-01 23:18:14,760 - Goldbeter1995[59128] - DEBUG : Formattazione della stringa per la funzione PerThread_ActionAfterEventDetection
2020-11-01 23:18:14,760 - Goldbeter1995[59128] - DEBUG : Formattazione della stringa per la funzione PerThread_ActionAfterSuccessfulTimeStep
2020-11-01 23:18:14,761 - Goldbeter1995[59128] - DEBUG : Formattazione della stringa per la funzione PerThread_Initialization
2020-11-01 23:18:14,761 - Goldbeter1995[59128] - DEBUG : Formattazione della stringa per la funzione PerThread_Finalization
2020-11-01 23:18:14,761 - Goldbeter1995[59128] - DEBUG : Terminata formattazione
2020-11-01 23:18:14,761 - Goldbeter1995[59128] - DEBUG : Salvataggio del contenuto del file di definizione del sistema in /home/yorunoomo/Scrivania/Tirocinio/modelica2MPGOSgpuPython/src/Goldbeter1995_MPGOS/Goldbeter1995_SystemDefinition.cuh
2020-11-01 23:18:14,761 - Goldbeter1995[59128] - DEBUG : Contenuto salvato correttamente
2020-11-01 23:18:14,762 - Goldbeter1995[59128] - DEBUG : Formattazione della stringa per il file Goldbeter1995.cu
2020-11-01 23:18:14,762 - Goldbeter1995[59128] - INFO : Formattazione della stringa per la definizione delle MACRO
2020-11-01 23:18:14,762 - Goldbeter1995[59128] - INFO : Formattazione della stringa per la funzione di salvataggio dell'output su file
2020-11-01 23:18:14,762 - Goldbeter1995[59128] - INFO : Formattazione della stringa per la funzione di main
2020-11-01 23:18:14,763 - Goldbeter1995[59128] - INFO : Formattazione della stringa per la funzione fillSolverObject
2020-11-01 23:18:14,763 - Goldbeter1995[59128] - DEBUG : Terminata formattazione
2020-11-01 23:18:14,763 - Goldbeter1995[59128] - DEBUG : Salvataggio del contenuto del file di definizione del modello in /home/yorunoomo/Scrivania/Tirocinio/modelica2MPGOSgpuPython/src/Goldbeter1995_MPGOS/Goldbeter1995.cu
2020-11-01 23:18:14,763 - Goldbeter1995[59128] - DEBUG : Contenuto salvato correttamente
2020-11-01 23:18:14,763 - Goldbeter1995[59128] - DEBUG : Salvataggio del MakeFile
2020-11-01 23:18:14,763 - Goldbeter1995[59128] - DEBUG : Creazione del file MakeFile
2020-11-01 23:18:14,763 - Goldbeter1995[59128] - DEBUG : Terminata formattazione del file MakeFile
2020-11-01 23:18:14,764 - Goldbeter1995[59128] - DEBUG : Termianto salvataggio el file MakeFile
2020-11-01 23:18:14,764 - Goldbeter1995[59128] - DEBUG : Operazione di traduzione terminata con successo. 
