
template<class Precision> __forceinline__ __device__ void PerThread_OdeFunction(
	int tid, int NT, \
	Precision*    F, Precision*    X, Precision     T, \
	Precision* cPAR, Precision* sPAR, int*      sPARi, Precision* ACC, int* ACCi  		
) {
	X[0] = cPAR[2] * sPAR[8] - cPAR[9] * sPAR[12];
	X[1] = cPAR[6] * sPAR[18] + cPAR[5] * sPAR[21] - cPAR[10] * sPAR[7];
	X[2] = cPAR[3] * sPAR[10] + (-cPAR[4]) * sPAR[17] - cPAR[5] * sPAR[15];
	X[3] = cPAR[7] * sPAR[6] + (-cPAR[8]) * sPAR[14] - cPAR[5] * sPAR[16];
	X[4] = cPAR[4] * sPAR[20] + cPAR[2] * sPAR[13] - cPAR[3] * sPAR[19];
	X[5] = cPAR[10] * sPAR[5] + (-cPAR[6]) * sPAR[11] - cPAR[2] * sPAR[9];

}


template<class Precision> __forceinline__ __device__ void PerThread_ActionAfterSuccessfulTimeStep(
    int tid, int NT, int& UDT, \
    Precision&    T, Precision&   dT, Precision*    TD, Precision*   X, \
    Precision* cPAR, Precision* sPAR, int*       sPARi, Precision* ACC, int* ACCi
) {
	ACC[0] = X[5]/sPAR[4];
	ACC[1] = cPAR[1]/sPAR[4];
	ACC[2] = X[4]/sPAR[4];
	ACC[3] = X[3]/sPAR[4];
	ACC[4] = sPAR[3]/sPAR[4];
	ACC[5] = X[2]/sPAR[4];
	ACC[6] = X[1]/sPAR[4];
	ACC[7] = cPAR[0]/sPAR[4];
	ACC[8] = X[0]/sPAR[4];
	cPAR[0] = (ACC[3] + ACC[8] + ACC[0] + ACC[6]) * sPAR[4];
	cPAR[1] = (ACC[2] + ACC[5] + ACC[0] + ACC[6]) * sPAR[4];
	cPAR[2] = sPAR[4] * sPAR[31] * ACC[0];
	cPAR[3] = sPAR[4] * ACC[2] * sPAR[30];
	cPAR[4] = sPAR[4] * ACC[5] * sPAR[29];
	cPAR[5] = sPAR[4] * ACC[5] * sPAR[28] * ACC[3];
	cPAR[6] = sPAR[4] * sPAR[27] * ACC[0];
	cPAR[7] = sPAR[4] * sPAR[26];
	cPAR[8] = sPAR[4] * sPAR[25] * ACC[3];
	cPAR[9] = sPAR[4] * sPAR[24] * ACC[8];
	cPAR[10] = sPAR[4] * ACC[6] * (sPAR[22] + sPAR[23] * pow(ACC[0] / ACC[1], 2.0));

}

elmt_cell.elmt_M_conc(value=X[5]/sPAR[4], iValue=0.0, id=0, MPGOSname=ACC[0])
elmt_cell.elmt_CT_conc(value=cPAR[1]/sPAR[4], iValue=elmt_cell.elmt_CT_amount/elmt_cell.elmt_cell, id=1, MPGOSname=ACC[1])
elmt_cell.elmt_C2_conc(value=X[4]/sPAR[4], iValue=0.0, id=2, MPGOSname=ACC[2])
elmt_cell.elmt_Y_conc(value=X[3]/sPAR[4], iValue=0.0, id=3, MPGOSname=ACC[3])
elmt_cell.elmt_EmptySet_conc(value=sPAR[3]/sPAR[4], iValue=0.0, id=4, MPGOSname=ACC[4])
elmt_cell.elmt_CP_conc(value=X[2]/sPAR[4], iValue=0.75 / elmt_cell.elmt_cell, id=5, MPGOSname=ACC[5])
elmt_cell.elmt_pM_conc(value=X[1]/sPAR[4], iValue=0.25 / elmt_cell.elmt_cell, id=6, MPGOSname=ACC[6])
elmt_cell.elmt_YT_conc(value=cPAR[0]/sPAR[4], iValue=elmt_cell.elmt_YT_amount/elmt_cell.elmt_cell, id=7, MPGOSname=ACC[7])
elmt_cell.elmt_YP_conc(value=X[0]/sPAR[4], iValue=0.0, id=8, MPGOSname=ACC[8])
elmt_cell.elmt_YP_amount(value=cPAR[2] * sPAR[8] - cPAR[9] * sPAR[12], iValue=0.0, id=0, MPGOSname=X[0])
elmt_cell.elmt_pM_amount(value=cPAR[6] * sPAR[18] + cPAR[5] * sPAR[21] - cPAR[10] * sPAR[7], iValue=0.0, id=1, MPGOSname=X[1])
elmt_cell.elmt_CP_amount(value=cPAR[3] * sPAR[10] + (-cPAR[4]) * sPAR[17] - cPAR[5] * sPAR[15], iValue=0.0, id=2, MPGOSname=X[2])
elmt_cell.elmt_Y_amount(value=cPAR[7] * sPAR[6] + (-cPAR[8]) * sPAR[14] - cPAR[5] * sPAR[16], iValue=0.0, id=3, MPGOSname=X[3])
elmt_cell.elmt_C2_amount(value=cPAR[4] * sPAR[20] + cPAR[2] * sPAR[13] - cPAR[3] * sPAR[19], iValue=0.0, id=4, MPGOSname=X[4])
elmt_cell.elmt_M_amount(value=cPAR[10] * sPAR[5] + (-cPAR[6]) * sPAR[11] - cPAR[2] * sPAR[9], iValue=0.0, id=5, MPGOSname=X[5])
Reacs.elmt_reactant12(value=0.0, iValue=None, id=0, MPGOSname=sPAR[0])
Reacs.elmt_product15(value=0.0, iValue=None, id=1, MPGOSname=sPAR[1])
Reacs.elmt_product17(value=0.0, iValue=None, id=2, MPGOSname=sPAR[2])
elmt_cell.elmt_EmptySet_amount(value=0.0, iValue=None, id=3, MPGOSname=sPAR[3])
elmt_cell.elmt_cell(value=0.0, iValue=None, id=4, MPGOSname=sPAR[4])
Reacs.elmt_product19(value=0.0, iValue=None, id=5, MPGOSname=sPAR[5])
Reacs.elmt_product13(value=0.0, iValue=None, id=6, MPGOSname=sPAR[6])
Reacs.elmt_reactant18(value=0.0, iValue=None, id=7, MPGOSname=sPAR[7])
Reacs.elmt_product2(value=0.0, iValue=None, id=8, MPGOSname=sPAR[8])
Reacs.elmt_reactant0(value=0.0, iValue=None, id=9, MPGOSname=sPAR[9])
Reacs.elmt_product4(value=0.0, iValue=None, id=10, MPGOSname=sPAR[10])
Reacs.elmt_reactant10(value=0.0, iValue=None, id=11, MPGOSname=sPAR[11])
Reacs.elmt_reactant16(value=0.0, iValue=None, id=12, MPGOSname=sPAR[12])
Reacs.elmt_product1(value=0.0, iValue=None, id=13, MPGOSname=sPAR[13])
Reacs.elmt_reactant14(value=0.0, iValue=None, id=14, MPGOSname=sPAR[14])
Reacs.elmt_reactant7(value=0.0, iValue=None, id=15, MPGOSname=sPAR[15])
Reacs.elmt_reactant8(value=0.0, iValue=None, id=16, MPGOSname=sPAR[16])
Reacs.elmt_reactant5(value=0.0, iValue=None, id=17, MPGOSname=sPAR[17])
Reacs.elmt_product11(value=0.0, iValue=None, id=18, MPGOSname=sPAR[18])
Reacs.elmt_reactant3(value=0.0, iValue=None, id=19, MPGOSname=sPAR[19])
Reacs.elmt_product6(value=0.0, iValue=None, id=20, MPGOSname=sPAR[20])
Reacs.elmt_product9(value=0.0, iValue=None, id=21, MPGOSname=sPAR[21])
Reacs.elmt_Reaction9_elmt_k4prime(value=0.018, iValue=None, id=22, MPGOSname=sPAR[22])
Reacs.elmt_Reaction9_elmt_k4(value=180.0, iValue=None, id=23, MPGOSname=sPAR[23])
Reacs.elmt_Reaction8_elmt_k7(value=0.6, iValue=None, id=24, MPGOSname=sPAR[24])
Reacs.elmt_Reaction7_elmt_k2(value=0.0, iValue=None, id=25, MPGOSname=sPAR[25])
Reacs.elmt_Reaction6_elmt_k1aa(value=0.015, iValue=None, id=26, MPGOSname=sPAR[26])
Reacs.elmt_Reaction5_elmt_k5notP(value=0.0, iValue=None, id=27, MPGOSname=sPAR[27])
Reacs.elmt_Reaction4_elmt_k3(value=200.0, iValue=None, id=28, MPGOSname=sPAR[28])
Reacs.elmt_Reaction3_elmt_k9(value=1000.0, iValue=None, id=29, MPGOSname=sPAR[29])
Reacs.elmt_Reaction2_elmt_k8notP(value=1000000.0, iValue=None, id=30, MPGOSname=sPAR[30])
Reacs.elmt_Reaction1_elmt_k6(value=1.0, iValue=None, id=31, MPGOSname=sPAR[31])
elmt_cell.elmt_YT_amount(value=(ACC[3] + ACC[8] + ACC[0] + ACC[6]) * sPAR[4], iValue=None, id=0, MPGOSname=cPAR[0])
elmt_cell.elmt_CT_amount(value=(ACC[2] + ACC[5] + ACC[0] + ACC[6]) * sPAR[4], iValue=None, id=1, MPGOSname=cPAR[1])
elmt_cell.elmt_Reaction1(value=sPAR[4] * sPAR[31] * ACC[0], iValue=None, id=2, MPGOSname=cPAR[2])
elmt_cell.elmt_Reaction2(value=sPAR[4] * ACC[2] * sPAR[30], iValue=None, id=3, MPGOSname=cPAR[3])
elmt_cell.elmt_Reaction3(value=sPAR[4] * ACC[5] * sPAR[29], iValue=None, id=4, MPGOSname=cPAR[4])
elmt_cell.elmt_Reaction4(value=sPAR[4] * ACC[5] * sPAR[28] * ACC[3], iValue=None, id=5, MPGOSname=cPAR[5])
elmt_cell.elmt_Reaction5(value=sPAR[4] * sPAR[27] * ACC[0], iValue=None, id=6, MPGOSname=cPAR[6])
elmt_cell.elmt_Reaction6(value=sPAR[4] * sPAR[26], iValue=None, id=7, MPGOSname=cPAR[7])
elmt_cell.elmt_Reaction7(value=sPAR[4] * sPAR[25] * ACC[3], iValue=None, id=8, MPGOSname=cPAR[8])
elmt_cell.elmt_Reaction8(value=sPAR[4] * sPAR[24] * ACC[8], iValue=None, id=9, MPGOSname=cPAR[9])
elmt_cell.elmt_Reaction9(value=sPAR[4] * ACC[6] * (sPAR[22] + sPAR[23] * pow(ACC[0] / ACC[1], 2.0)), iValue=None, id=10, MPGOSname=cPAR[10])
