Goldbeter1995./S2MBIOMDx8016/S2MBIOMDx8016( 
	Variables (No bindExpression): {
		Reacs.elmt_reactant2
		Reacs.elmt_reactant0
		Reacs.elmt_product19
		Reacs.elmt_product17
		elmt_CYTOPLASM.elmt_P0_amount
		elmt_CYTOPLASM.elmt_P0_conc
		elmt_CYTOPLASM.elmt_P2_amount
		elmt_CYTOPLASM.elmt_P2_conc
		elmt_CYTOPLASM.elmt_P1_amount
		elmt_CYTOPLASM.elmt_P1_conc
		elmt_CYTOPLASM.elmt_Pt_amount
		elmt_CYTOPLASM.elmt_Pt_conc
		elmt_CYTOPLASM.elmt_M_amount
		elmt_CYTOPLASM.elmt_M_conc
		elmt_CYTOPLASM.elmt_CYTOPLASM
		elmt_CYTOPLASM.elmt_rTL
		elmt_CYTOPLASM.elmt_rM
		elmt_CYTOPLASM.elmt_rP12
		elmt_CYTOPLASM.elmt_rP10
		elmt_CYTOPLASM.elmt_rP01
		elmt_CYTOPLASM.elmt_rmRNAd
		elmt_CYTOPLASM.elmt_rP21
		elmt_CYTOPLASM.elmt_rVd
		elmt_default.elmt_EmptySet_amount
		elmt_default.elmt_EmptySet_conc
		elmt_default.elmt_default
		elmt_compartment_0000004.elmt_Pn_amount
		elmt_compartment_0000004.elmt_Pn_conc
		elmt_compartment_0000004.elmt_compartment_0000004
		elmt_compartment_0000004.elmt_rP2n
		elmt_compartment_0000004.elmt_rPn2
		Reacs.elmt_product3
		Reacs.elmt_reactant12
		Reacs.elmt_product13
		Reacs.elmt_reactant16
		Reacs.elmt_product1
		Reacs.elmt_reactant10
		Reacs.elmt_product11
		Reacs.elmt_reactant6
		Reacs.elmt_product7
		Reacs.elmt_reactant18
		Reacs.elmt_reactant8
		Reacs.elmt_product9
		Reacs.elmt_product5
		Reacs.elmt_reactant4
		Reacs.elmt_product15
		Reacs.elmt_reactant14
	}, Variable (With bindExpression): {
		Reacs.elmt_rPn2_elmt_k2 -> 1.3
		Reacs.elmt_rP01_elmt_K1 -> 2.0
		Reacs.elmt_rP01_elmt_V1 -> 3.2
		Reacs.elmt_rP12_elmt_V3 -> 5.0
		Reacs.elmt_rP12_elmt_K3 -> 2.0
		Reacs.elmt_rVd_elmt_Vd -> 0.95
		Reacs.elmt_rVd_elmt_Kd -> 0.2
		Reacs.elmt_rP10_elmt_V2 -> 1.58
		Reacs.elmt_rP10_elmt_K2 -> 2.0
		Reacs.elmt_rP21_elmt_V4 -> 2.5
		Reacs.elmt_rP21_elmt_K4 -> 2.0
		Reacs.elmt_rM_elmt_n -> 4.0
		Reacs.elmt_rM_elmt_Vs -> 0.76
		Reacs.elmt_rM_elmt_KI -> 1.0
		Reacs.elmt_rmRNAd_elmt_Km -> 0.5
		Reacs.elmt_rmRNAd_elmt_Vm -> 0.65
		Reacs.elmt_rP2n_elmt_k1 -> 1.9
		Reacs.elmt_rTL_elmt_ks -> 0.38
		Reacs.elmt_rP2n -> elmt_compartment_0000004.elmt_rP2n
		elmt_CYTOPLASM.elmt_rP2n -> elmt_compartment_0000004.elmt_rP2n
		elmt_compartment_0000004.elmt_product13 -> Reacs.elmt_product13
		elmt_compartment_0000004.elmt_reactant14 -> Reacs.elmt_reactant14
		Reacs.elmt_rPn2 -> elmt_compartment_0000004.elmt_rPn2
		elmt_CYTOPLASM.elmt_rPn2 -> elmt_compartment_0000004.elmt_rPn2
		Reacs.elmt_rTL -> elmt_CYTOPLASM.elmt_rTL
		Reacs.elmt_rM -> elmt_CYTOPLASM.elmt_rM
		elmt_CYTOPLASM.elmt_product15 -> Reacs.elmt_product15
		elmt_compartment_0000004.elmt_Pn -> elmt_compartment_0000004.elmt_Pn_conc
		elmt_CYTOPLASM.elmt_Pn -> elmt_compartment_0000004.elmt_Pn_conc
		Reacs.elmt_Pn -> elmt_compartment_0000004.elmt_Pn_conc
		Reacs.elmt_rP12 -> elmt_CYTOPLASM.elmt_rP12
		elmt_CYTOPLASM.elmt_product3 -> Reacs.elmt_product3
		elmt_CYTOPLASM.elmt_reactant12 -> Reacs.elmt_reactant12
		elmt_CYTOPLASM.elmt_reactant10 -> Reacs.elmt_reactant10
		elmt_CYTOPLASM.elmt_product5 -> Reacs.elmt_product5
		elmt_CYTOPLASM.elmt_reactant16 -> Reacs.elmt_reactant16
		Reacs.elmt_rP10 -> elmt_CYTOPLASM.elmt_rP10
		elmt_CYTOPLASM.elmt_product1 -> Reacs.elmt_product1
		elmt_CYTOPLASM.elmt_reactant8 -> Reacs.elmt_reactant8
		elmt_CYTOPLASM.elmt_reactant6 -> Reacs.elmt_reactant6
		elmt_CYTOPLASM.elmt_product7 -> Reacs.elmt_product7
		elmt_CYTOPLASM.elmt_reactant4 -> Reacs.elmt_reactant4
		elmt_CYTOPLASM.elmt_product9 -> Reacs.elmt_product9
		Reacs.elmt_rP01 -> elmt_CYTOPLASM.elmt_rP01
		elmt_CYTOPLASM.elmt_reactant18 -> Reacs.elmt_reactant18
		Reacs.elmt_rmRNAd -> elmt_CYTOPLASM.elmt_rmRNAd
		Reacs.elmt_rP21 -> elmt_CYTOPLASM.elmt_rP21
		Reacs.elmt_rVd -> elmt_CYTOPLASM.elmt_rVd
		elmt_CYTOPLASM.elmt_product11 -> Reacs.elmt_product11
		Reacs.elmt_CYTOPLASM -> elmt_CYTOPLASM.elmt_CYTOPLASM
		Reacs.elmt_default -> elmt_default.elmt_default
		elmt_CYTOPLASM.elmt_P0 -> elmt_CYTOPLASM.elmt_P0_conc
		Reacs.elmt_P0 -> elmt_CYTOPLASM.elmt_P0_conc
		elmt_CYTOPLASM.elmt_P2 -> elmt_CYTOPLASM.elmt_P2_conc
		Reacs.elmt_P2 -> elmt_CYTOPLASM.elmt_P2_conc
		elmt_CYTOPLASM.elmt_P1 -> elmt_CYTOPLASM.elmt_P1_conc
		Reacs.elmt_P1 -> elmt_CYTOPLASM.elmt_P1_conc
		elmt_CYTOPLASM.elmt_M -> elmt_CYTOPLASM.elmt_M_conc
		Reacs.elmt_M -> elmt_CYTOPLASM.elmt_M_conc
		Reacs.elmt_compartment_0000004 -> elmt_compartment_0000004.elmt_compartment_0000004
		elmt_CYTOPLASM.elmt_Pt -> elmt_CYTOPLASM.elmt_Pt_conc
		elmt_default.elmt_EmptySet -> elmt_default.elmt_EmptySet_conc
	}, Initial Equations: {
		Reacs.elmt_product9 = 1.0
		Reacs.elmt_reactant2 = 1.0
		Reacs.elmt_reactant4 = 1.0
		Reacs.elmt_product7 = 1.0
		Reacs.elmt_reactant6 = 1.0
		Reacs.elmt_product11 = 1.0
		Reacs.elmt_reactant8 = 1.0
		Reacs.elmt_reactant14 = 1.0
		Reacs.elmt_product1 = 1.0
		Reacs.elmt_reactant16 = 1.0
		Reacs.elmt_product5 = 1.0
		Reacs.elmt_reactant10 = 1.0
		Reacs.elmt_reactant0 = 1.0
		Reacs.elmt_reactant12 = 1.0
		Reacs.elmt_product3 = 1.0
		Reacs.elmt_reactant18 = 1.0
		Reacs.elmt_product15 = 1.0
		Reacs.elmt_product13 = 1.0
		Reacs.elmt_product19 = 1.0
		Reacs.elmt_product17 = 1.0
		elmt_compartment_0000004.elmt_Pn_conc = 0.25
		elmt_default.elmt_EmptySet_conc = 0.0
		elmt_CYTOPLASM.elmt_M_conc = 0.1
		elmt_CYTOPLASM.elmt_P1_conc = 0.25
		elmt_CYTOPLASM.elmt_P2_conc = 0.25
		elmt_CYTOPLASM.elmt_P0_conc = 0.25
	}, ODE: {
		der(elmt_CYTOPLASM.elmt_P0_amount) = elmt_CYTOPLASM.elmt_rP10 * Reacs.elmt_product7 + elmt_CYTOPLASM.elmt_rTL * Reacs.elmt_product3 - elmt_CYTOPLASM.elmt_rP01 * Reacs.elmt_reactant4
		der(elmt_CYTOPLASM.elmt_P2_amount) = elmt_compartment_0000004.elmt_rPn2 * Reacs.elmt_product15 + elmt_CYTOPLASM.elmt_rP12 * Reacs.elmt_product9 + (-elmt_CYTOPLASM.elmt_rP21) * Reacs.elmt_reactant10 - elmt_compartment_0000004.elmt_rP2n * Reacs.elmt_reactant12 - elmt_CYTOPLASM.elmt_rVd * Reacs.elmt_reactant18
		der(elmt_CYTOPLASM.elmt_P1_amount) = elmt_CYTOPLASM.elmt_rP01 * Reacs.elmt_product5 + elmt_CYTOPLASM.elmt_rP21 * Reacs.elmt_product11 + (-elmt_CYTOPLASM.elmt_rP10) * Reacs.elmt_reactant6 - elmt_CYTOPLASM.elmt_rP12 * Reacs.elmt_reactant8
		der(elmt_CYTOPLASM.elmt_M_amount) = elmt_CYTOPLASM.elmt_rM * Reacs.elmt_product1 - elmt_CYTOPLASM.elmt_rmRNAd * Reacs.elmt_reactant16
		der(elmt_compartment_0000004.elmt_Pn_amount) = elmt_compartment_0000004.elmt_rP2n * Reacs.elmt_product13 - elmt_compartment_0000004.elmt_rPn2 * Reacs.elmt_reactant14
	}, Equation: {
		elmt_CYTOPLASM.elmt_Pt_amount = (elmt_CYTOPLASM.elmt_P0_conc + elmt_CYTOPLASM.elmt_P1_conc + elmt_CYTOPLASM.elmt_P2_conc + elmt_compartment_0000004.elmt_Pn_conc) * elmt_CYTOPLASM.elmt_CYTOPLASM
		elmt_CYTOPLASM.elmt_rTL = Reacs.elmt_rTL_elmt_ks * elmt_CYTOPLASM.elmt_M_conc * elmt_default.elmt_default
		elmt_compartment_0000004.elmt_rP2n = Reacs.elmt_rP2n_elmt_k1 * elmt_CYTOPLASM.elmt_P2_conc * elmt_CYTOPLASM.elmt_CYTOPLASM
		elmt_CYTOPLASM.elmt_rmRNAd = Reacs.elmt_rmRNAd_elmt_Vm * elmt_CYTOPLASM.elmt_M_conc * elmt_CYTOPLASM.elmt_CYTOPLASM / (Reacs.elmt_rmRNAd_elmt_Km + elmt_CYTOPLASM.elmt_M_conc)
		elmt_CYTOPLASM.elmt_rM = elmt_default.elmt_default * Reacs.elmt_rM_elmt_Vs * S2MBIOMDx8016.Functions.pow(Reacs.elmt_rM_elmt_KI, Reacs.elmt_rM_elmt_n) / (S2MBIOMDx8016.Functions.pow(Reacs.elmt_rM_elmt_KI, Reacs.elmt_rM_elmt_n) + S2MBIOMDx8016.Functions.pow(elmt_compartment_0000004.elmt_Pn_conc, Reacs.elmt_rM_elmt_n))
		elmt_CYTOPLASM.elmt_rP21 = elmt_CYTOPLASM.elmt_CYTOPLASM * Reacs.elmt_rP21_elmt_V4 * elmt_CYTOPLASM.elmt_P2_conc / (Reacs.elmt_rP21_elmt_K4 + elmt_CYTOPLASM.elmt_P2_conc)
		elmt_CYTOPLASM.elmt_rP10 = elmt_CYTOPLASM.elmt_CYTOPLASM * Reacs.elmt_rP10_elmt_V2 * elmt_CYTOPLASM.elmt_P1_conc / (Reacs.elmt_rP10_elmt_K2 + elmt_CYTOPLASM.elmt_P1_conc)
		elmt_CYTOPLASM.elmt_rVd = elmt_CYTOPLASM.elmt_CYTOPLASM * Reacs.elmt_rVd_elmt_Vd * elmt_CYTOPLASM.elmt_P2_conc / (Reacs.elmt_rVd_elmt_Kd + elmt_CYTOPLASM.elmt_P2_conc)
		elmt_CYTOPLASM.elmt_rP12 = elmt_CYTOPLASM.elmt_CYTOPLASM * Reacs.elmt_rP12_elmt_V3 * elmt_CYTOPLASM.elmt_P1_conc / (Reacs.elmt_rP12_elmt_K3 + elmt_CYTOPLASM.elmt_P1_conc)
		elmt_CYTOPLASM.elmt_rP01 = elmt_CYTOPLASM.elmt_CYTOPLASM * Reacs.elmt_rP01_elmt_V1 * elmt_CYTOPLASM.elmt_P0_conc / (Reacs.elmt_rP01_elmt_K1 + elmt_CYTOPLASM.elmt_P0_conc)
		elmt_compartment_0000004.elmt_rPn2 = Reacs.elmt_rPn2_elmt_k2 * elmt_compartment_0000004.elmt_Pn_conc * elmt_compartment_0000004.elmt_compartment_0000004
		elmt_compartment_0000004.elmt_compartment_0000004 = 1e-15
		elmt_default.elmt_default = 1e-15
		elmt_CYTOPLASM.elmt_CYTOPLASM = 1e-15
	}, Algorithms: {
		elmt_CYTOPLASM.elmt_M_conc:=elmt_CYTOPLASM.elmt_M_amount/elmt_CYTOPLASM.elmt_CYTOPLASM
		elmt_CYTOPLASM.elmt_Pt_conc:=elmt_CYTOPLASM.elmt_Pt_amount/elmt_CYTOPLASM.elmt_CYTOPLASM
		elmt_CYTOPLASM.elmt_P1_conc:=elmt_CYTOPLASM.elmt_P1_amount/elmt_CYTOPLASM.elmt_CYTOPLASM
		elmt_CYTOPLASM.elmt_P2_conc:=elmt_CYTOPLASM.elmt_P2_amount/elmt_CYTOPLASM.elmt_CYTOPLASM
		elmt_CYTOPLASM.elmt_P0_conc:=elmt_CYTOPLASM.elmt_P0_amount/elmt_CYTOPLASM.elmt_CYTOPLASM
		elmt_default.elmt_EmptySet_conc:=elmt_default.elmt_EmptySet_amount/elmt_default.elmt_default
		elmt_compartment_0000004.elmt_Pn_conc:=elmt_compartment_0000004.elmt_Pn_amount/elmt_compartment_0000004.elmt_compartment_0000004
		assert(elmt_CYTOPLASM.elmt_CYTOPLASM>=0.0,"Compartmentsizebecamenegative.Makesurethisisavalidbahaviour.")
		assert(elmt_default.elmt_default>=0.0,"Compartmentsizebecamenegative.Makesurethisisavalidbahaviour.")
		assert(elmt_compartment_0000004.elmt_compartment_0000004>=0.0,"Compartmentsizebecamenegative.Makesurethisisavalidbahaviour.")
	}, Functions: {
		S2MBIOMDx8016.Functions.pow(input=['x', 'power'], output=['y']):
			  y := x ^ power;
	}
)
