assert            | warning | The following assertion has been violated at time 2.097151
assert            | debug   | Model error: Argument of sqrt(x) was -0.00592709 should be >= 0
assert            | warning | The following assertion has been violated at time 2.883583
assert            | debug   | Model error: Argument of sqrt(x) was -0.149664 should be >= 0
assert            | warning | The following assertion has been violated at time 2.097151
assert            | debug   | Model error: Argument of sqrt(x) was -0.00370656 should be >= 0
assert            | warning | The following assertion has been violated at time 2.031615
assert            | debug   | Model error: Argument of sqrt(x) was -0.000484081 should be >= 0
assert            | warning | The following assertion has been violated at time 2.129919
assert            | debug   | Model error: Argument of sqrt(x) was -0.00256767 should be >= 0
assert            | warning | The following assertion has been violated at time 2.031615
assert            | debug   | Model error: Argument of sqrt(x) was -0.000158549 should be >= 0
assert            | warning | The following assertion has been violated at time 2.007039
assert            | debug   | Model error: Argument of sqrt(x) was -9.26018e-06 should be >= 0
assert            | warning | The following assertion has been violated at time 2.000895
assert            | debug   | Model error: Argument of sqrt(x) was -2.83595e-07 should be >= 0
assert            | warning | The following assertion has been violated at time 2.000383
assert            | debug   | Model error: Argument of sqrt(x) was -5.72968e-08 should be >= 0
assert            | warning | The following assertion has been violated at time 2.000127
assert            | debug   | Model error: Argument of sqrt(x) was -7.72298e-09 should be >= 0
assert            | warning | The following assertion has been violated at time 2.000511
assert            | debug   | Model error: Argument of sqrt(x) was -3.92907e-08 should be >= 0
assert            | warning | The following assertion has been violated at time 2.000127
assert            | debug   | Model error: Argument of sqrt(x) was -2.44974e-09 should be >= 0
assert            | warning | The following assertion has been violated at time 2.000000
assert            | debug   | Model error: Argument of sqrt(x) was -1.09244e-11 should be >= 0
stdout            | warning | Integrator attempt to handle a problem with a called assert.
assert            | warning | The following assertion has been violated at time 2.000094
assert            | debug   | Model error: Argument of sqrt(x) was -6.04192e-09 should be >= 0
assert            | warning | The following assertion has been violated at time 2.001630
assert            | debug   | Model error: Argument of sqrt(x) was -5.4684e-07 should be >= 0
assert            | warning | The following assertion has been violated at time 2.000094
assert            | debug   | Model error: Argument of sqrt(x) was -4.7182e-09 should be >= 0
assert            | warning | The following assertion has been violated at time 2.000478
assert            | debug   | Model error: Argument of sqrt(x) was -3.80646e-08 should be >= 0
assert            | warning | The following assertion has been violated at time 2.000094
assert            | debug   | Model error: Argument of sqrt(x) was -1.99527e-09 should be >= 0
assert            | warning | The following assertion has been violated at time 2.000062
assert            | debug   | Model error: Argument of sqrt(x) was -6.05929e-10 should be >= 0
assert            | warning | The following assertion has been violated at time 2.000062
assert            | debug   | Model error: Argument of sqrt(x) was -6.05929e-10 should be >= 0
stdout            | warning | Integrator attempt to handle a problem with a called assert.
assert            | warning | The following assertion has been violated at time 2.001069
assert            | debug   | Model error: Argument of sqrt(x) was -2.73381e-07 should be >= 0
assert            | warning | The following assertion has been violated at time 2.000685
assert            | debug   | Model error: Argument of sqrt(x) was -8.33905e-08 should be >= 0
assert            | warning | The following assertion has been violated at time 2.000109
assert            | debug   | Model error: Argument of sqrt(x) was -3.444e-09 should be >= 0
assert            | warning | The following assertion has been violated at time 2.000061
assert            | debug   | Model error: Argument of sqrt(x) was -9.73795e-10 should be >= 0
assert            | warning | The following assertion has been violated at time 2.000061
assert            | debug   | Model error: Argument of sqrt(x) was -9.73795e-10 should be >= 0
stdout            | info    | model terminate | Simulation terminated by an assert at time: 2.00006
assert            | warning | The following assertion has been violated at time 2.000061
assert            | debug   | Model error: Argument of sqrt(x) was -9.73795e-10 should be >= 0

Limited backtrace at point of segmentation fault
/lib/x86_64-linux-gnu/libpthread.so.0(+0xfcb0)[0x7f06d6195cb0]
/lib/x86_64-linux-gnu/libc.so.6(__longjmp_chk+0x18)[0x7f06d5ed1cf8]
/usr/lib/omc/libSimulationRuntimeC.so(throwStreamPrintWithEquationIndexes+0x110)[0x7f06d66c4dd0]
/home/enrico/Dropbox/teaching/2017/verifica-validazione-sistemi/modelica/examples/state-events/v1/System(System_eqFunction_3+0xef)[0x405d8f]
/home/enrico/Dropbox/teaching/2017/verifica-validazione-sistemi/modelica/examples/state-events/v1/System(System_functionDAE+0x35)[0x405e15]
/usr/lib/omc/libSimulationRuntimeC.so(updateDiscreteSystem+0x4a)[0x7f06d66e7eda]
/usr/lib/omc/libSimulationRuntimeC.so(finishSimulation+0x52)[0x7f06d66f0a92]
/usr/lib/omc/libSimulationRuntimeC.so(solver_main+0x16c)[0x7f06d66f1afc]
/usr/lib/omc/libSimulationRuntimeC.so(callSolver+0x208)[0x7f06d6721988]
/usr/lib/omc/libSimulationRuntimeC.so(startNonInteractiveSimulation+0x2e3)[0x7f06d6721e13]
/usr/lib/omc/libSimulationRuntimeC.so(_main_SimulationRuntime+0xb0)[0x7f06d6723ea0]
/home/enrico/Dropbox/teaching/2017/verifica-validazione-sistemi/modelica/examples/state-events/v1/System(main+0x16e)[0x40631e]
/lib/x86_64-linux-gnu/libc.so.6(__libc_start_main+0xed)[0x7f06d5de97ed]
/home/enrico/Dropbox/teaching/2017/verifica-validazione-sistemi/modelica/examples/state-events/v1/System[0x404489]
Segmentation fault (core dumped)
