true
""
true
""
true
""
true
""
true
""
true
""
true
""
true
""
(true,"/home/yorunoomo/Scrivania/Tirocinio/Modelica/examples/oven/oven.system.xml")
""
record SimulationResult
    resultFile = "/home/yorunoomo/Scrivania/Tirocinio/Modelica/examples/oven/oven.system_res.mat",
    simulationOptions = "startTime = 0.0, stopTime = 20.0, numberOfIntervals = 500, tolerance = 1e-06, method = 'dassl', fileNamePrefix = 'oven.system', options = '', outputFormat = 'mat', variableFilter = '.*', cflags = '', simflags = ''",
    messages = "LOG_SUCCESS       | info    | The initialization finished successfully without homotopy method.
LOG_SUCCESS       | info    | The simulation finished successfully.
",
    timeFrontend = 0.223033332,
    timeBackend = 0.011198842,
    timeSimCode = 0.004400521,
    timeTemplates = 0.006323974,
    timeCompile = 1.191721165,
    timeSimulation = 0.02748033,
    timeTotal = 1.46530324
end SimulationResult;
"Notification: It was not possible to check the given initialization system for consistency symbolically, because the relevant equations are part of an algebraic loop. This is not supported yet.
Warning: The initial conditions are not fully specified. For more information set -d=initialization. In OMEdit Tools->Options->Simulation->OMCFlags, in OMNotebook call setCommandLineOptions(\"-d=initialization\").
Warning: The initial conditions are over specified. For more information set -d=initialization. In OMEdit Tools->Options->Simulation->OMCFlags, in OMNotebook call setCommandLineOptions(\"-d=initialization\").
"
