[2020-10-03T01:15:43.471]          Created an InitialAssignment for Compartment cell with value 1.0.
[2020-10-03T01:15:43.480]          Created an InitialAssignment for the Species EmptySet with value 0/cell
[2020-10-03T01:15:43.480]          There is nothing that defines the variability of Species EmptySet. It is declared constant.
[2020-10-03T01:15:43.481]          Created an InitialAssignment for the Species C2 with value 0/cell
[2020-10-03T01:15:43.481]          Created an InitialAssignment for the Species CP with value 0.75/cell
[2020-10-03T01:15:43.481]          Created an InitialAssignment for the Species M with value 0/cell
[2020-10-03T01:15:43.481]          Created an InitialAssignment for the Species pM with value 0.25/cell
[2020-10-03T01:15:43.481]          Created an InitialAssignment for the Species Y with value 0/cell
[2020-10-03T01:15:43.481]          Created an InitialAssignment for the Species YP with value 0/cell
[2020-10-03T01:15:43.482]          Missing initial value for SpeciesReference reactant0. Created an InitialAssignment with value 1.
[2020-10-03T01:15:43.482]          Missing initial value for SpeciesReference product1. Created an InitialAssignment with value 1.
[2020-10-03T01:15:43.482]          Missing initial value for SpeciesReference product2. Created an InitialAssignment with value 1.
[2020-10-03T01:15:43.482]          Missing initial value for SpeciesReference reactant3. Created an InitialAssignment with value 1.
[2020-10-03T01:15:43.482]          Missing initial value for SpeciesReference product4. Created an InitialAssignment with value 1.
[2020-10-03T01:15:43.482]          Missing initial value for SpeciesReference reactant5. Created an InitialAssignment with value 1.
[2020-10-03T01:15:43.482]          Missing initial value for SpeciesReference product6. Created an InitialAssignment with value 1.
[2020-10-03T01:15:43.482]          Missing initial value for SpeciesReference reactant7. Created an InitialAssignment with value 1.
[2020-10-03T01:15:43.482]          Missing initial value for SpeciesReference reactant8. Created an InitialAssignment with value 1.
[2020-10-03T01:15:43.482]          Missing initial value for SpeciesReference product9. Created an InitialAssignment with value 1.
[2020-10-03T01:15:43.482]          Missing initial value for SpeciesReference reactant10. Created an InitialAssignment with value 1.
[2020-10-03T01:15:43.482]          Missing initial value for SpeciesReference product11. Created an InitialAssignment with value 1.
[2020-10-03T01:15:43.482]          Missing initial value for SpeciesReference reactant12. Created an InitialAssignment with value 1.
[2020-10-03T01:15:43.483]          Missing initial value for SpeciesReference product13. Created an InitialAssignment with value 1.
[2020-10-03T01:15:43.483]          Missing initial value for SpeciesReference reactant14. Created an InitialAssignment with value 1.
[2020-10-03T01:15:43.483]          Missing initial value for SpeciesReference product15. Created an InitialAssignment with value 1.
[2020-10-03T01:15:43.483]          Missing initial value for SpeciesReference reactant16. Created an InitialAssignment with value 1.
[2020-10-03T01:15:43.483]          Missing initial value for SpeciesReference product17. Created an InitialAssignment with value 1.
[2020-10-03T01:15:43.483]          Missing initial value for SpeciesReference reactant18. Created an InitialAssignment with value 1.
[2020-10-03T01:15:43.483]          Missing initial value for SpeciesReference product19. Created an InitialAssignment with value 1.
[2020-10-03T01:15:43.510]          Creation of AbstractCompartment elmt_cell completed.
[2020-10-03T01:15:43.510]          Creation of AbstractSpecies elmt_EmptySet completed.
[2020-10-03T01:15:43.510]          Creation of AbstractSpecies elmt_C2 completed.
[2020-10-03T01:15:43.510]          Creation of AbstractSpecies elmt_CP completed.
[2020-10-03T01:15:43.510]          Creation of AbstractSpecies elmt_M completed.
[2020-10-03T01:15:43.510]          Creation of AbstractSpecies elmt_pM completed.
[2020-10-03T01:15:43.510]          Creation of AbstractSpecies elmt_Y completed.
[2020-10-03T01:15:43.511]          Creation of AbstractSpecies elmt_YP completed.
[2020-10-03T01:15:43.511]          Creation of AbstractSpecies elmt_YT completed.
[2020-10-03T01:15:43.511]          Creation of AbstractSpecies elmt_CT completed.
[2020-10-03T01:15:43.511]          Creation of AbstractReaction elmt_Reaction1 completed.
[2020-10-03T01:15:43.511]          Creation of AbstractSpeciesReference elmt_reactant0 completed.
[2020-10-03T01:15:43.511]          Creation of AbstractSpeciesReference elmt_product1 completed.
[2020-10-03T01:15:43.511]          Creation of AbstractSpeciesReference elmt_product2 completed.
[2020-10-03T01:15:43.511]          Creation of AbstractLocalParameter elmt_k6 completed.
[2020-10-03T01:15:43.511]          Creation of AbstractReaction elmt_Reaction2 completed.
[2020-10-03T01:15:43.511]          Creation of AbstractSpeciesReference elmt_reactant3 completed.
[2020-10-03T01:15:43.511]          Creation of AbstractSpeciesReference elmt_product4 completed.
[2020-10-03T01:15:43.511]          Creation of AbstractLocalParameter elmt_k8notP completed.
[2020-10-03T01:15:43.512]          Creation of AbstractReaction elmt_Reaction3 completed.
[2020-10-03T01:15:43.512]          Creation of AbstractSpeciesReference elmt_reactant5 completed.
[2020-10-03T01:15:43.512]          Creation of AbstractSpeciesReference elmt_product6 completed.
[2020-10-03T01:15:43.512]          Creation of AbstractLocalParameter elmt_k9 completed.
[2020-10-03T01:15:43.512]          Creation of AbstractReaction elmt_Reaction4 completed.
[2020-10-03T01:15:43.512]          Creation of AbstractSpeciesReference elmt_reactant7 completed.
[2020-10-03T01:15:43.512]          Creation of AbstractSpeciesReference elmt_reactant8 completed.
[2020-10-03T01:15:43.512]          Creation of AbstractSpeciesReference elmt_product9 completed.
[2020-10-03T01:15:43.512]          Creation of AbstractLocalParameter elmt_k3 completed.
[2020-10-03T01:15:43.512]          Creation of AbstractReaction elmt_Reaction5 completed.
[2020-10-03T01:15:43.512]          Creation of AbstractSpeciesReference elmt_reactant10 completed.
[2020-10-03T01:15:43.512]          Creation of AbstractSpeciesReference elmt_product11 completed.
[2020-10-03T01:15:43.512]          Creation of AbstractLocalParameter elmt_k5notP completed.
[2020-10-03T01:15:43.512]          Creation of AbstractReaction elmt_Reaction6 completed.
[2020-10-03T01:15:43.512]          Creation of AbstractSpeciesReference elmt_reactant12 completed.
[2020-10-03T01:15:43.512]          Creation of AbstractSpeciesReference elmt_product13 completed.
[2020-10-03T01:15:43.512]          Creation of AbstractLocalParameter elmt_k1aa completed.
[2020-10-03T01:15:43.512]          Creation of AbstractReaction elmt_Reaction7 completed.
[2020-10-03T01:15:43.512]          Creation of AbstractSpeciesReference elmt_reactant14 completed.
[2020-10-03T01:15:43.512]          Creation of AbstractSpeciesReference elmt_product15 completed.
[2020-10-03T01:15:43.512]          Creation of AbstractLocalParameter elmt_k2 completed.
[2020-10-03T01:15:43.512]          Creation of AbstractReaction elmt_Reaction8 completed.
[2020-10-03T01:15:43.512]          Creation of AbstractSpeciesReference elmt_reactant16 completed.
[2020-10-03T01:15:43.512]          Creation of AbstractSpeciesReference elmt_product17 completed.
[2020-10-03T01:15:43.513]          Creation of AbstractLocalParameter elmt_k7 completed.
[2020-10-03T01:15:43.513]          Creation of AbstractReaction elmt_Reaction9 completed.
[2020-10-03T01:15:43.513]          Creation of AbstractSpeciesReference elmt_reactant18 completed.
[2020-10-03T01:15:43.513]          Creation of AbstractSpeciesReference elmt_product19 completed.
[2020-10-03T01:15:43.513]          Creation of AbstractLocalParameter elmt_k4 completed.
[2020-10-03T01:15:43.513]          Creation of AbstractLocalParameter elmt_k4prime completed.
[2020-10-03T01:15:43.553]          Program terminated in 4271 ms.
